{"/home/travis/build/npmtest/node-npmtest-oauth/test.js":{"path":"/home/travis/build/npmtest/node-npmtest-oauth/test.js","s":{"1":2,"2":2,"3":2,"4":2,"5":2,"6":2,"7":2,"8":1,"9":2,"10":2,"11":1,"12":1,"13":1,"14":1,"15":2,"16":2,"17":2,"18":2,"19":1,"20":1,"21":2,"22":2,"23":2,"24":1,"25":1,"26":1,"27":1,"28":1,"29":1,"30":1,"31":1,"32":1,"33":1,"34":1,"35":1,"36":1,"37":1,"38":1,"39":2,"40":2,"41":1,"42":2,"43":2,"44":1,"45":2,"46":2,"47":1,"48":2,"49":2,"50":1,"51":1,"52":1,"53":1,"54":1},"b":{"1":[2,1,1,1],"2":[1,1,1,1],"3":[1,1],"4":[1,1],"5":[1,1],"6":[1,1],"7":[1,1],"8":[1,1],"9":[1,1],"10":[1,1,1],"11":[1,1],"12":[1,1],"13":[1,1],"14":[1,1],"15":[1,1],"16":[1,1],"17":[1,1]},"f":{"1":2,"2":2,"3":2,"4":2,"5":2,"6":1,"7":1,"8":1,"9":2,"10":2,"11":2,"12":2,"13":1},"fnMap":{"1":{"name":"(anonymous_1)","line":12,"loc":{"start":{"line":12,"column":1},"end":{"line":12,"column":13}}},"2":{"name":"(anonymous_2)","line":19,"loc":{"start":{"line":19,"column":5},"end":{"line":19,"column":17}}},"3":{"name":"(anonymous_3)","line":23,"loc":{"start":{"line":23,"column":24},"end":{"line":23,"column":36}}},"4":{"name":"(anonymous_4)","line":61,"loc":{"start":{"line":61,"column":5},"end":{"line":61,"column":17}}},"5":{"name":"(anonymous_5)","line":82,"loc":{"start":{"line":82,"column":5},"end":{"line":82,"column":17}}},"6":{"name":"(anonymous_6)","line":91,"loc":{"start":{"line":91,"column":77},"end":{"line":94,"column":10}}},"7":{"name":"(anonymous_7)","line":112,"loc":{"start":{"line":112,"column":83},"end":{"line":115,"column":10}},"skip":true},"8":{"name":"(anonymous_8)","line":123,"loc":{"start":{"line":123,"column":77},"end":{"line":126,"column":10}},"skip":true},"9":{"name":"(anonymous_9)","line":139,"loc":{"start":{"line":139,"column":12},"end":{"line":139,"column":40}},"skip":true},"10":{"name":"(anonymous_10)","line":147,"loc":{"start":{"line":147,"column":77},"end":{"line":150,"column":10}},"skip":true},"11":{"name":"(anonymous_11)","line":158,"loc":{"start":{"line":158,"column":83},"end":{"line":161,"column":10}},"skip":true},"12":{"name":"(anonymous_12)","line":169,"loc":{"start":{"line":169,"column":79},"end":{"line":172,"column":10}},"skip":true},"13":{"name":"(anonymous_13)","line":180,"loc":{"start":{"line":180,"column":75},"end":{"line":183,"column":10}},"skip":true}},"statementMap":{"1":{"start":{"line":12,"column":0},"end":{"line":195,"column":5}},"2":{"start":{"line":14,"column":4},"end":{"line":14,"column":14}},"3":{"start":{"line":19,"column":4},"end":{"line":56,"column":9}},"4":{"start":{"line":21,"column":8},"end":{"line":21,"column":19}},"5":{"start":{"line":23,"column":8},"end":{"line":35,"column":13}},"6":{"start":{"line":24,"column":12},"end":{"line":34,"column":13}},"7":{"start":{"line":25,"column":16},"end":{"line":28,"column":30}},"8":{"start":{"line":30,"column":16},"end":{"line":33,"column":27}},"9":{"start":{"line":37,"column":8},"end":{"line":39,"column":21}},"10":{"start":{"line":40,"column":8},"end":{"line":53,"column":9}},"11":{"start":{"line":43,"column":12},"end":{"line":46,"column":14}},"12":{"start":{"line":47,"column":12},"end":{"line":47,"column":18}},"13":{"start":{"line":50,"column":12},"end":{"line":51,"column":33}},"14":{"start":{"line":52,"column":12},"end":{"line":52,"column":18}},"15":{"start":{"line":55,"column":8},"end":{"line":55,"column":35}},"16":{"start":{"line":61,"column":4},"end":{"line":63,"column":9}},"17":{"start":{"line":62,"column":8},"end":{"line":62,"column":15}},"18":{"start":{"line":64,"column":4},"end":{"line":77,"column":5}},"19":{"start":{"line":70,"column":8},"end":{"line":70,"column":14}},"20":{"start":{"line":76,"column":8},"end":{"line":76,"column":14}},"21":{"start":{"line":82,"column":4},"end":{"line":84,"column":9}},"22":{"start":{"line":83,"column":8},"end":{"line":83,"column":15}},"23":{"start":{"line":85,"column":4},"end":{"line":194,"column":5}},"24":{"start":{"line":91,"column":8},"end":{"line":99,"column":10}},"25":{"start":{"line":98,"column":12},"end":{"line":98,"column":35}},"26":{"start":{"line":102,"column":8},"end":{"line":104,"column":63}},"27":{"start":{"line":105,"column":8},"end":{"line":105,"column":14}},"28":{"start":{"line":112,"column":8},"end":{"line":121,"column":10},"skip":true},"29":{"start":{"line":119,"column":12},"end":{"line":119,"column":55},"skip":true},"30":{"start":{"line":120,"column":12},"end":{"line":120,"column":48},"skip":true},"31":{"start":{"line":123,"column":8},"end":{"line":136,"column":10},"skip":true},"32":{"start":{"line":130,"column":12},"end":{"line":130,"column":76},"skip":true},"33":{"start":{"line":131,"column":12},"end":{"line":131,"column":73},"skip":true},"34":{"start":{"line":132,"column":12},"end":{"line":132,"column":74},"skip":true},"35":{"start":{"line":133,"column":12},"end":{"line":133,"column":79},"skip":true},"36":{"start":{"line":134,"column":12},"end":{"line":134,"column":25},"skip":true},"37":{"start":{"line":135,"column":12},"end":{"line":135,"column":45},"skip":true},"38":{"start":{"line":138,"column":8},"end":{"line":145,"column":14},"skip":true},"39":{"start":{"line":143,"column":16},"end":{"line":143,"column":29},"skip":true},"40":{"start":{"line":144,"column":16},"end":{"line":144,"column":55},"skip":true},"41":{"start":{"line":147,"column":8},"end":{"line":156,"column":10},"skip":true},"42":{"start":{"line":154,"column":12},"end":{"line":154,"column":25},"skip":true},"43":{"start":{"line":155,"column":12},"end":{"line":155,"column":45},"skip":true},"44":{"start":{"line":158,"column":8},"end":{"line":167,"column":10},"skip":true},"45":{"start":{"line":165,"column":12},"end":{"line":165,"column":25},"skip":true},"46":{"start":{"line":166,"column":12},"end":{"line":166,"column":48},"skip":true},"47":{"start":{"line":169,"column":8},"end":{"line":178,"column":10},"skip":true},"48":{"start":{"line":176,"column":12},"end":{"line":176,"column":25},"skip":true},"49":{"start":{"line":177,"column":12},"end":{"line":177,"column":46},"skip":true},"50":{"start":{"line":180,"column":8},"end":{"line":189,"column":10},"skip":true},"51":{"start":{"line":187,"column":12},"end":{"line":187,"column":94},"skip":true},"52":{"start":{"line":188,"column":12},"end":{"line":188,"column":48},"skip":true},"53":{"start":{"line":192,"column":8},"end":{"line":192,"column":35},"skip":true},"54":{"start":{"line":193,"column":8},"end":{"line":193,"column":14},"skip":true}},"branchMap":{"1":{"line":25,"type":"binary-expr","locations":[{"start":{"line":25,"column":23},"end":{"line":25,"column":62}},{"start":{"line":26,"column":20},"end":{"line":26,"column":70}},{"start":{"line":27,"column":20},"end":{"line":27,"column":71}},{"start":{"line":28,"column":20},"end":{"line":28,"column":29}}]},"2":{"line":30,"type":"binary-expr","locations":[{"start":{"line":30,"column":23},"end":{"line":30,"column":37}},{"start":{"line":31,"column":20},"end":{"line":31,"column":61}},{"start":{"line":32,"column":20},"end":{"line":32,"column":70}},{"start":{"line":33,"column":20},"end":{"line":33,"column":26}}]},"3":{"line":37,"type":"cond-expr","locations":[{"start":{"line":38,"column":14},"end":{"line":38,"column":20}},{"start":{"line":39,"column":14},"end":{"line":39,"column":20}}]},"4":{"line":40,"type":"switch","locations":[{"start":{"line":42,"column":8},"end":{"line":47,"column":18}},{"start":{"line":49,"column":8},"end":{"line":52,"column":18}}]},"5":{"line":44,"type":"binary-expr","locations":[{"start":{"line":44,"column":16},"end":{"line":44,"column":44}},{"start":{"line":44,"column":48},"end":{"line":44,"column":66}}]},"6":{"line":50,"type":"binary-expr","locations":[{"start":{"line":50,"column":21},"end":{"line":50,"column":49}},{"start":{"line":50,"column":53},"end":{"line":50,"column":72}}]},"7":{"line":64,"type":"switch","locations":[{"start":{"line":69,"column":4},"end":{"line":70,"column":14}},{"start":{"line":75,"column":4},"end":{"line":76,"column":14}}]},"8":{"line":85,"type":"switch","locations":[{"start":{"line":90,"column":4},"end":{"line":105,"column":14}},{"start":{"line":111,"column":4},"end":{"line":193,"column":14},"skip":true}]},"9":{"line":91,"type":"binary-expr","locations":[{"start":{"line":91,"column":42},"end":{"line":91,"column":73}},{"start":{"line":91,"column":77},"end":{"line":99,"column":9}}]},"10":{"line":102,"type":"binary-expr","locations":[{"start":{"line":102,"column":18},"end":{"line":102,"column":32}},{"start":{"line":103,"column":12},"end":{"line":103,"column":53}},{"start":{"line":104,"column":12},"end":{"line":104,"column":61}}]},"11":{"line":112,"type":"binary-expr","locations":[{"start":{"line":112,"column":45},"end":{"line":112,"column":79},"skip":true},{"start":{"line":112,"column":83},"end":{"line":121,"column":9},"skip":true}]},"12":{"line":123,"type":"binary-expr","locations":[{"start":{"line":123,"column":42},"end":{"line":123,"column":73},"skip":true},{"start":{"line":123,"column":77},"end":{"line":136,"column":9},"skip":true}]},"13":{"line":138,"type":"binary-expr","locations":[{"start":{"line":138,"column":48},"end":{"line":138,"column":85},"skip":true},{"start":{"line":139,"column":12},"end":{"line":145,"column":13},"skip":true}]},"14":{"line":147,"type":"binary-expr","locations":[{"start":{"line":147,"column":42},"end":{"line":147,"column":73},"skip":true},{"start":{"line":147,"column":77},"end":{"line":156,"column":9},"skip":true}]},"15":{"line":158,"type":"binary-expr","locations":[{"start":{"line":158,"column":45},"end":{"line":158,"column":79},"skip":true},{"start":{"line":158,"column":83},"end":{"line":167,"column":9},"skip":true}]},"16":{"line":169,"type":"binary-expr","locations":[{"start":{"line":169,"column":43},"end":{"line":169,"column":75},"skip":true},{"start":{"line":169,"column":79},"end":{"line":178,"column":9},"skip":true}]},"17":{"line":180,"type":"binary-expr","locations":[{"start":{"line":180,"column":41},"end":{"line":180,"column":71},"skip":true},{"start":{"line":180,"column":75},"end":{"line":189,"column":9},"skip":true}]}},"code":["/* istanbul instrument in package npmtest_oauth */","/*jslint","    bitwise: true,","    browser: true,","    maxerr: 8,","    maxlen: 96,","    node: true,","    nomen: true,","    regexp: true,","    stupid: true","*/","(function () {","    'use strict';","    var local;","","","","    // run shared js-env code - pre-init","    (function () {","        // init local","        local = {};","        // init modeJs","        local.modeJs = (function () {","            try {","                return typeof navigator.userAgent === 'string' &&","                    typeof document.querySelector('body') === 'object' &&","                    typeof XMLHttpRequest.prototype.open === 'function' &&","                    'browser';","            } catch (errorCaughtBrowser) {","                return module.exports &&","                    typeof process.versions.node === 'string' &&","                    typeof require('http').createServer === 'function' &&","                    'node';","            }","        }());","        // init global","        local.global = local.modeJs === 'browser'","            ? window","            : global;","        switch (local.modeJs) {","        // re-init local from window.local","        case 'browser':","            local = local.global.utility2.objectSetDefault(","                local.global.utility2_rollup || local.global.local,","                local.global.utility2","            );","            break;","        // re-init local from example.js","        case 'node':","            local = (local.global.utility2_rollup || require('utility2'))","                .requireReadme();","            break;","        }","        // export local","        local.global.local = local;","    }());","","","","    // run shared js-env code - function","    (function () {","        return;","    }());","    switch (local.modeJs) {","","","","    // run browser js-env code - function","    case 'browser':","        break;","","","","    // run node js-env code - function","    case 'node':","        break;","    }","","","","    // run shared js-env code - post-init","    (function () {","        return;","    }());","    switch (local.modeJs) {","","","","    // run browser js-env code - post-init","    case 'browser':","        local.testCase_browser_nullCase = local.testCase_browser_nullCase || function (","            options,","            onError","        ) {","        /*","         * this function will test browsers's null-case handling-behavior-behavior","         */","            onError(null, options);","        };","","        // run tests","        local.nop(local.modeTest &&","            document.querySelector('#testRunButton1') &&","            document.querySelector('#testRunButton1').click());","        break;","","","","    // run node js-env code - post-init","    /* istanbul ignore next */","    case 'node':","        local.testCase_buildApidoc_default = local.testCase_buildApidoc_default || function (","            options,","            onError","        ) {","        /*","         * this function will test buildApidoc's default handling-behavior-behavior","         */","            options = { modulePathList: module.paths };","            local.buildApidoc(options, onError);","        };","","        local.testCase_buildApp_default = local.testCase_buildApp_default || function (","            options,","            onError","        ) {","        /*","         * this function will test buildApp's default handling-behavior-behavior","         */","            local.testCase_buildReadme_default(options, local.onErrorThrow);","            local.testCase_buildLib_default(options, local.onErrorThrow);","            local.testCase_buildTest_default(options, local.onErrorThrow);","            local.testCase_buildCustomOrg_default(options, local.onErrorThrow);","            options = [];","            local.buildApp(options, onError);","        };","","        local.testCase_buildCustomOrg_default = local.testCase_buildCustomOrg_default ||","            function (options, onError) {","            /*","             * this function will test buildCustomOrg's default handling-behavior","             */","                options = {};","                local.buildCustomOrg(options, onError);","            };","","        local.testCase_buildLib_default = local.testCase_buildLib_default || function (","            options,","            onError","        ) {","        /*","         * this function will test buildLib's default handling-behavior","         */","            options = {};","            local.buildLib(options, onError);","        };","","        local.testCase_buildReadme_default = local.testCase_buildReadme_default || function (","            options,","            onError","        ) {","        /*","         * this function will test buildReadme's default handling-behavior-behavior","         */","            options = {};","            local.buildReadme(options, onError);","        };","","        local.testCase_buildTest_default = local.testCase_buildTest_default || function (","            options,","            onError","        ) {","        /*","         * this function will test buildTest's default handling-behavior","         */","            options = {};","            local.buildTest(options, onError);","        };","","        local.testCase_webpage_default = local.testCase_webpage_default || function (","            options,","            onError","        ) {","        /*","         * this function will test webpage's default handling-behavior","         */","            options = { modeCoverageMerge: true, url: local.serverLocalHost + '?modeTest=1' };","            local.browserTest(options, onError);","        };","","        // run test-server","        local.testRunServer(local);","        break;","    }","}());",""],"l":{"12":2,"14":2,"19":2,"21":2,"23":2,"24":2,"25":2,"30":1,"37":2,"40":2,"43":1,"47":1,"50":1,"52":1,"55":2,"61":2,"62":2,"64":2,"70":1,"76":1,"82":2,"83":2,"85":2,"91":1,"98":1,"102":1,"105":1,"112":1,"119":1,"120":1,"123":1,"130":1,"131":1,"132":1,"133":1,"134":1,"135":1,"138":1,"143":2,"144":2,"147":1,"154":2,"155":2,"158":1,"165":2,"166":2,"169":1,"176":2,"177":2,"180":1,"187":1,"188":1,"192":1,"193":1}},"/home/travis/build/npmtest/node-npmtest-oauth/lib.npmtest_oauth.js":{"path":"/home/travis/build/npmtest/node-npmtest-oauth/lib.npmtest_oauth.js","s":{"1":2,"2":2,"3":2,"4":2,"5":2,"6":2,"7":2,"8":1,"9":2,"10":2,"11":2,"12":2,"13":1,"14":1,"15":1,"16":1},"b":{"1":[2,1,1,1],"2":[1,1,1,1],"3":[1,1],"4":[2,2],"5":[1,1]},"f":{"1":2,"2":2,"3":2},"fnMap":{"1":{"name":"(anonymous_1)","line":12,"loc":{"start":{"line":12,"column":1},"end":{"line":12,"column":13}}},"2":{"name":"(anonymous_2)","line":19,"loc":{"start":{"line":19,"column":5},"end":{"line":19,"column":17}}},"3":{"name":"(anonymous_3)","line":23,"loc":{"start":{"line":23,"column":24},"end":{"line":23,"column":36}}}},"statementMap":{"1":{"start":{"line":12,"column":0},"end":{"line":53,"column":5}},"2":{"start":{"line":14,"column":4},"end":{"line":14,"column":14}},"3":{"start":{"line":19,"column":4},"end":{"line":52,"column":9}},"4":{"start":{"line":21,"column":8},"end":{"line":21,"column":19}},"5":{"start":{"line":23,"column":8},"end":{"line":35,"column":13}},"6":{"start":{"line":24,"column":12},"end":{"line":34,"column":13}},"7":{"start":{"line":25,"column":16},"end":{"line":28,"column":30}},"8":{"start":{"line":30,"column":16},"end":{"line":33,"column":27}},"9":{"start":{"line":37,"column":8},"end":{"line":39,"column":21}},"10":{"start":{"line":41,"column":8},"end":{"line":41,"column":54}},"11":{"start":{"line":43,"column":8},"end":{"line":43,"column":50}},"12":{"start":{"line":45,"column":8},"end":{"line":51,"column":9}},"13":{"start":{"line":46,"column":12},"end":{"line":46,"column":56}},"14":{"start":{"line":48,"column":12},"end":{"line":48,"column":35}},"15":{"start":{"line":49,"column":12},"end":{"line":49,"column":49}},"16":{"start":{"line":50,"column":12},"end":{"line":50,"column":43}}},"branchMap":{"1":{"line":25,"type":"binary-expr","locations":[{"start":{"line":25,"column":23},"end":{"line":25,"column":62}},{"start":{"line":26,"column":20},"end":{"line":26,"column":70}},{"start":{"line":27,"column":20},"end":{"line":27,"column":71}},{"start":{"line":28,"column":20},"end":{"line":28,"column":29}}]},"2":{"line":30,"type":"binary-expr","locations":[{"start":{"line":30,"column":23},"end":{"line":30,"column":37}},{"start":{"line":31,"column":20},"end":{"line":31,"column":61}},{"start":{"line":32,"column":20},"end":{"line":32,"column":70}},{"start":{"line":33,"column":20},"end":{"line":33,"column":26}}]},"3":{"line":37,"type":"cond-expr","locations":[{"start":{"line":38,"column":14},"end":{"line":38,"column":20}},{"start":{"line":39,"column":14},"end":{"line":39,"column":20}}]},"4":{"line":41,"type":"binary-expr","locations":[{"start":{"line":41,"column":16},"end":{"line":41,"column":44}},{"start":{"line":41,"column":48},"end":{"line":41,"column":53}}]},"5":{"line":45,"type":"if","locations":[{"start":{"line":45,"column":8},"end":{"line":45,"column":8}},{"start":{"line":45,"column":8},"end":{"line":45,"column":8}}]}},"code":["/* istanbul instrument in package npmtest_oauth */","/*jslint","    bitwise: true,","    browser: true,","    maxerr: 8,","    maxlen: 96,","    node: true,","    nomen: true,","    regexp: true,","    stupid: true","*/","(function () {","    'use strict';","    var local;","","","","    // run shared js-env code - pre-init","    (function () {","        // init local","        local = {};","        // init modeJs","        local.modeJs = (function () {","            try {","                return typeof navigator.userAgent === 'string' &&","                    typeof document.querySelector('body') === 'object' &&","                    typeof XMLHttpRequest.prototype.open === 'function' &&","                    'browser';","            } catch (errorCaughtBrowser) {","                return module.exports &&","                    typeof process.versions.node === 'string' &&","                    typeof require('http').createServer === 'function' &&","                    'node';","            }","        }());","        // init global","        local.global = local.modeJs === 'browser'","            ? window","            : global;","        // init utility2_rollup","        local = local.global.utility2_rollup || local;","        // init lib","        local.local = local.npmtest_oauth = local;","        // init exports","        if (local.modeJs === 'browser') {","            local.global.utility2_npmtest_oauth = local;","        } else {","            module.exports = local;","            module.exports.__dirname = __dirname;","            module.exports.module = module;","        }","    }());","}());",""],"l":{"12":2,"14":2,"19":2,"21":2,"23":2,"24":2,"25":2,"30":1,"37":2,"41":2,"43":2,"45":2,"46":1,"48":1,"49":1,"50":1}},"/home/travis/build/npmtest/node-npmtest-oauth/example.js":{"path":"/home/travis/build/npmtest/node-npmtest-oauth/example.js","s":{"1":2,"2":2,"3":2,"4":2,"5":2,"6":2,"7":2,"8":1,"9":2,"10":2,"11":2,"12":2,"13":1,"14":2,"15":2,"16":2,"17":2,"18":2,"19":0,"20":2,"21":1,"22":1,"23":1,"24":1,"25":1,"26":0,"27":0,"28":1,"29":1,"30":2,"31":0,"32":0,"33":0,"34":1,"35":2,"36":2,"37":3,"38":3,"39":3,"40":3,"41":0,"42":3,"43":3,"44":3,"45":1,"46":3,"47":1,"48":1,"49":1,"50":1,"51":1,"52":1,"53":1,"54":1,"55":1,"56":1,"57":0,"58":1,"59":6,"60":6,"61":1,"62":2,"63":0,"64":2,"65":1,"66":1,"67":0,"68":0,"69":0,"70":0,"71":0,"72":0,"73":0,"74":0,"75":0,"76":0,"77":0,"78":0,"79":0,"80":0,"81":0,"82":0,"83":0},"b":{"1":[2,1,1,1],"2":[1,1,1,1],"3":[1,1],"4":[2,2],"5":[1,1],"6":[1,1],"7":[2,0],"8":[2,1,1,1,1,1],"9":[0,2,0],"10":[1,1],"11":[2,1,1],"12":[1,0],"13":[0,2],"14":[2,0,0,0,0,0,0],"15":[0,3],"16":[3,0],"17":[1,1],"18":[0,1],"19":[1,2,0,2],"20":[1,0],"21":[1,1],"22":[0,0],"23":[0,0],"24":[0,0],"25":[0,0],"26":[0,0],"27":[0,0],"28":[0,0]},"f":{"1":2,"2":2,"3":2,"4":2,"5":2,"6":2,"7":3,"8":3,"9":3,"10":1,"11":6,"12":0},"fnMap":{"1":{"name":"(anonymous_1)","line":26,"loc":{"start":{"line":26,"column":1},"end":{"line":26,"column":13}}},"2":{"name":"(anonymous_2)","line":33,"loc":{"start":{"line":33,"column":5},"end":{"line":33,"column":17}}},"3":{"name":"(anonymous_3)","line":37,"loc":{"start":{"line":37,"column":24},"end":{"line":37,"column":36}}},"4":{"name":"(anonymous_4)","line":69,"loc":{"start":{"line":69,"column":31},"end":{"line":69,"column":48}},"skip":true},"5":{"name":"(anonymous_5)","line":78,"loc":{"start":{"line":78,"column":26},"end":{"line":78,"column":45}},"skip":true},"6":{"name":"(anonymous_6)","line":123,"loc":{"start":{"line":123,"column":33},"end":{"line":123,"column":48}},"skip":true},"7":{"name":"(anonymous_7)","line":125,"loc":{"start":{"line":125,"column":27},"end":{"line":125,"column":39}},"skip":true},"8":{"name":"(anonymous_8)","line":133,"loc":{"start":{"line":133,"column":59},"end":{"line":133,"column":74}},"skip":true},"9":{"name":"(anonymous_9)","line":143,"loc":{"start":{"line":143,"column":45},"end":{"line":143,"column":62}},"skip":true},"10":{"name":"(anonymous_10)","line":144,"loc":{"start":{"line":144,"column":73},"end":{"line":144,"column":92}},"skip":true},"11":{"name":"(anonymous_11)","line":272,"loc":{"start":{"line":272,"column":51},"end":{"line":272,"column":77}},"skip":true},"12":{"name":"(anonymous_12)","line":315,"loc":{"start":{"line":315,"column":32},"end":{"line":315,"column":61}},"skip":true}},"statementMap":{"1":{"start":{"line":26,"column":0},"end":{"line":326,"column":5}},"2":{"start":{"line":28,"column":4},"end":{"line":28,"column":14}},"3":{"start":{"line":33,"column":4},"end":{"line":60,"column":9}},"4":{"start":{"line":35,"column":8},"end":{"line":35,"column":19}},"5":{"start":{"line":37,"column":8},"end":{"line":49,"column":13}},"6":{"start":{"line":38,"column":12},"end":{"line":48,"column":13}},"7":{"start":{"line":39,"column":16},"end":{"line":42,"column":30}},"8":{"start":{"line":44,"column":16},"end":{"line":47,"column":27}},"9":{"start":{"line":51,"column":8},"end":{"line":53,"column":21}},"10":{"start":{"line":55,"column":8},"end":{"line":57,"column":45}},"11":{"start":{"line":59,"column":8},"end":{"line":59,"column":35}},"12":{"start":{"line":61,"column":4},"end":{"line":325,"column":5}},"13":{"start":{"line":69,"column":8},"end":{"line":121,"column":10},"skip":true},"14":{"start":{"line":70,"column":12},"end":{"line":88,"column":13},"skip":true},"15":{"start":{"line":76,"column":16},"end":{"line":87,"column":19},"skip":true},"16":{"start":{"line":79,"column":20},"end":{"line":86,"column":21},"skip":true},"17":{"start":{"line":82,"column":24},"end":{"line":82,"column":43},"skip":true},"18":{"start":{"line":83,"column":24},"end":{"line":83,"column":30},"skip":true},"19":{"start":{"line":85,"column":24},"end":{"line":85,"column":49},"skip":true},"20":{"start":{"line":89,"column":12},"end":{"line":107,"column":13},"skip":true},"21":{"start":{"line":92,"column":16},"end":{"line":102,"column":17},"skip":true},"22":{"start":{"line":93,"column":20},"end":{"line":93,"column":86},"skip":true},"23":{"start":{"line":94,"column":20},"end":{"line":95,"column":45},"skip":true},"24":{"start":{"line":96,"column":20},"end":{"line":96,"column":42},"skip":true},"25":{"start":{"line":97,"column":20},"end":{"line":97,"column":48},"skip":true},"26":{"start":{"line":100,"column":20},"end":{"line":100,"column":85},"skip":true},"27":{"start":{"line":101,"column":20},"end":{"line":101,"column":96},"skip":true},"28":{"start":{"line":103,"column":16},"end":{"line":103,"column":22},"skip":true},"29":{"start":{"line":106,"column":16},"end":{"line":106,"column":22},"skip":true},"30":{"start":{"line":108,"column":12},"end":{"line":120,"column":13},"skip":true},"31":{"start":{"line":114,"column":16},"end":{"line":119,"column":17},"skip":true},"32":{"start":{"line":116,"column":20},"end":{"line":116,"column":78},"skip":true},"33":{"start":{"line":118,"column":20},"end":{"line":118,"column":47},"skip":true},"34":{"start":{"line":123,"column":8},"end":{"line":141,"column":11},"skip":true},"35":{"start":{"line":124,"column":12},"end":{"line":124,"column":54},"skip":true},"36":{"start":{"line":125,"column":12},"end":{"line":140,"column":14},"skip":true},"37":{"start":{"line":126,"column":16},"end":{"line":126,"column":28},"skip":true},"38":{"start":{"line":127,"column":16},"end":{"line":127,"column":69},"skip":true},"39":{"start":{"line":128,"column":16},"end":{"line":128,"column":75},"skip":true},"40":{"start":{"line":129,"column":16},"end":{"line":131,"column":17},"skip":true},"41":{"start":{"line":130,"column":20},"end":{"line":130,"column":27},"skip":true},"42":{"start":{"line":133,"column":16},"end":{"line":137,"column":36},"skip":true},"43":{"start":{"line":134,"column":20},"end":{"line":136,"column":55},"skip":true},"44":{"start":{"line":139,"column":16},"end":{"line":139,"column":57},"skip":true},"45":{"start":{"line":143,"column":8},"end":{"line":147,"column":11},"skip":true},"46":{"start":{"line":144,"column":12},"end":{"line":146,"column":15},"skip":true},"47":{"start":{"line":145,"column":16},"end":{"line":145,"column":70},"skip":true},"48":{"start":{"line":149,"column":8},"end":{"line":149,"column":31},"skip":true},"49":{"start":{"line":150,"column":8},"end":{"line":150,"column":14},"skip":true},"50":{"start":{"line":158,"column":8},"end":{"line":158,"column":31},"skip":true},"51":{"start":{"line":160,"column":8},"end":{"line":160,"column":33},"skip":true},"52":{"start":{"line":161,"column":8},"end":{"line":161,"column":37},"skip":true},"53":{"start":{"line":162,"column":8},"end":{"line":162,"column":35},"skip":true},"54":{"start":{"line":164,"column":8},"end":{"line":164,"column":50},"skip":true},"55":{"start":{"line":166,"column":8},"end":{"line":256,"column":2},"skip":true},"56":{"start":{"line":258,"column":8},"end":{"line":286,"column":9},"skip":true},"57":{"start":{"line":259,"column":12},"end":{"line":269,"column":14},"skip":true},"58":{"start":{"line":271,"column":12},"end":{"line":285,"column":19},"skip":true},"59":{"start":{"line":274,"column":20},"end":{"line":274,"column":35},"skip":true},"60":{"start":{"line":275,"column":20},"end":{"line":284,"column":21},"skip":true},"61":{"start":{"line":277,"column":24},"end":{"line":277,"column":64},"skip":true},"62":{"start":{"line":279,"column":24},"end":{"line":279,"column":40},"skip":true},"63":{"start":{"line":281,"column":24},"end":{"line":281,"column":40},"skip":true},"64":{"start":{"line":283,"column":24},"end":{"line":283,"column":39},"skip":true},"65":{"start":{"line":288,"column":8},"end":{"line":290,"column":9},"skip":true},"66":{"start":{"line":289,"column":12},"end":{"line":289,"column":18},"skip":true},"67":{"start":{"line":291,"column":8},"end":{"line":293,"column":54},"skip":true},"68":{"start":{"line":296,"column":8},"end":{"line":301,"column":37},"skip":true},"69":{"start":{"line":303,"column":8},"end":{"line":303,"column":82},"skip":true},"70":{"start":{"line":306,"column":8},"end":{"line":308,"column":9},"skip":true},"71":{"start":{"line":307,"column":12},"end":{"line":307,"column":82},"skip":true},"72":{"start":{"line":310,"column":8},"end":{"line":312,"column":9},"skip":true},"73":{"start":{"line":311,"column":12},"end":{"line":311,"column":18},"skip":true},"74":{"start":{"line":313,"column":8},"end":{"line":313,"column":54},"skip":true},"75":{"start":{"line":314,"column":8},"end":{"line":314,"column":69},"skip":true},"76":{"start":{"line":315,"column":8},"end":{"line":323,"column":36},"skip":true},"77":{"start":{"line":316,"column":12},"end":{"line":316,"column":61},"skip":true},"78":{"start":{"line":317,"column":12},"end":{"line":320,"column":13},"skip":true},"79":{"start":{"line":318,"column":16},"end":{"line":318,"column":75},"skip":true},"80":{"start":{"line":319,"column":16},"end":{"line":319,"column":23},"skip":true},"81":{"start":{"line":321,"column":12},"end":{"line":321,"column":38},"skip":true},"82":{"start":{"line":322,"column":12},"end":{"line":322,"column":27},"skip":true},"83":{"start":{"line":324,"column":8},"end":{"line":324,"column":14},"skip":true}},"branchMap":{"1":{"line":39,"type":"binary-expr","locations":[{"start":{"line":39,"column":23},"end":{"line":39,"column":62}},{"start":{"line":40,"column":20},"end":{"line":40,"column":70}},{"start":{"line":41,"column":20},"end":{"line":41,"column":71}},{"start":{"line":42,"column":20},"end":{"line":42,"column":29}}]},"2":{"line":44,"type":"binary-expr","locations":[{"start":{"line":44,"column":23},"end":{"line":44,"column":37}},{"start":{"line":45,"column":20},"end":{"line":45,"column":61}},{"start":{"line":46,"column":20},"end":{"line":46,"column":70}},{"start":{"line":47,"column":20},"end":{"line":47,"column":26}}]},"3":{"line":51,"type":"cond-expr","locations":[{"start":{"line":52,"column":14},"end":{"line":52,"column":20}},{"start":{"line":53,"column":14},"end":{"line":53,"column":20}}]},"4":{"line":55,"type":"binary-expr","locations":[{"start":{"line":55,"column":16},"end":{"line":55,"column":44}},{"start":{"line":55,"column":49},"end":{"line":57,"column":43}}]},"5":{"line":55,"type":"cond-expr","locations":[{"start":{"line":56,"column":14},"end":{"line":56,"column":49}},{"start":{"line":57,"column":14},"end":{"line":57,"column":43}}]},"6":{"line":61,"type":"switch","locations":[{"start":{"line":68,"column":4},"end":{"line":150,"column":14},"skip":true},{"start":{"line":156,"column":4},"end":{"line":324,"column":14},"skip":true}]},"7":{"line":70,"type":"if","locations":[{"start":{"line":70,"column":12},"end":{"line":70,"column":12},"skip":true},{"start":{"line":70,"column":12},"end":{"line":70,"column":12},"skip":true}]},"8":{"line":70,"type":"binary-expr","locations":[{"start":{"line":70,"column":16},"end":{"line":70,"column":22},"skip":true},{"start":{"line":70,"column":27},"end":{"line":70,"column":32},"skip":true},{"start":{"line":71,"column":20},"end":{"line":71,"column":39},"skip":true},{"start":{"line":72,"column":20},"end":{"line":72,"column":49},"skip":true},{"start":{"line":73,"column":20},"end":{"line":73,"column":58},"skip":true},{"start":{"line":74,"column":20},"end":{"line":74,"column":69},"skip":true}]},"9":{"line":79,"type":"switch","locations":[{"start":{"line":80,"column":20},"end":{"line":80,"column":33},"skip":true},{"start":{"line":81,"column":20},"end":{"line":83,"column":30},"skip":true},{"start":{"line":84,"column":20},"end":{"line":85,"column":49},"skip":true}]},"10":{"line":89,"type":"switch","locations":[{"start":{"line":90,"column":12},"end":{"line":103,"column":22},"skip":true},{"start":{"line":105,"column":12},"end":{"line":106,"column":22},"skip":true}]},"11":{"line":89,"type":"binary-expr","locations":[{"start":{"line":89,"column":20},"end":{"line":89,"column":25},"skip":true},{"start":{"line":89,"column":29},"end":{"line":89,"column":48},"skip":true},{"start":{"line":89,"column":52},"end":{"line":89,"column":74},"skip":true}]},"12":{"line":92,"type":"if","locations":[{"start":{"line":92,"column":16},"end":{"line":92,"column":16},"skip":true},{"start":{"line":92,"column":16},"end":{"line":92,"column":16},"skip":true}]},"13":{"line":108,"type":"if","locations":[{"start":{"line":108,"column":12},"end":{"line":108,"column":12},"skip":true},{"start":{"line":108,"column":12},"end":{"line":108,"column":12},"skip":true}]},"14":{"line":108,"type":"binary-expr","locations":[{"start":{"line":108,"column":16},"end":{"line":108,"column":61},"skip":true},{"start":{"line":108,"column":66},"end":{"line":108,"column":72},"skip":true},{"start":{"line":108,"column":77},"end":{"line":108,"column":82},"skip":true},{"start":{"line":109,"column":20},"end":{"line":109,"column":39},"skip":true},{"start":{"line":110,"column":20},"end":{"line":110,"column":49},"skip":true},{"start":{"line":111,"column":20},"end":{"line":111,"column":58},"skip":true},{"start":{"line":112,"column":20},"end":{"line":112,"column":68},"skip":true}]},"15":{"line":129,"type":"if","locations":[{"start":{"line":129,"column":16},"end":{"line":129,"column":16},"skip":true},{"start":{"line":129,"column":16},"end":{"line":129,"column":16},"skip":true}]},"16":{"line":134,"type":"cond-expr","locations":[{"start":{"line":135,"column":26},"end":{"line":135,"column":29},"skip":true},{"start":{"line":136,"column":26},"end":{"line":136,"column":54},"skip":true}]},"17":{"line":164,"type":"binary-expr","locations":[{"start":{"line":164,"column":27},"end":{"line":164,"column":43},"skip":true},{"start":{"line":164,"column":47},"end":{"line":164,"column":49},"skip":true}]},"18":{"line":258,"type":"if","locations":[{"start":{"line":258,"column":8},"end":{"line":258,"column":8},"skip":true},{"start":{"line":258,"column":8},"end":{"line":258,"column":8},"skip":true}]},"19":{"line":275,"type":"switch","locations":[{"start":{"line":276,"column":20},"end":{"line":277,"column":64},"skip":true},{"start":{"line":278,"column":20},"end":{"line":279,"column":40},"skip":true},{"start":{"line":280,"column":20},"end":{"line":281,"column":40},"skip":true},{"start":{"line":282,"column":20},"end":{"line":283,"column":39},"skip":true}]},"20":{"line":288,"type":"if","locations":[{"start":{"line":288,"column":8},"end":{"line":288,"column":8},"skip":true},{"start":{"line":288,"column":8},"end":{"line":288,"column":8},"skip":true}]},"21":{"line":288,"type":"binary-expr","locations":[{"start":{"line":288,"column":12},"end":{"line":288,"column":40},"skip":true},{"start":{"line":288,"column":44},"end":{"line":288,"column":67},"skip":true}]},"22":{"line":292,"type":"binary-expr","locations":[{"start":{"line":292,"column":12},"end":{"line":292,"column":50},"skip":true},{"start":{"line":293,"column":12},"end":{"line":293,"column":53},"skip":true}]},"23":{"line":297,"type":"binary-expr","locations":[{"start":{"line":297,"column":12},"end":{"line":297,"column":63},"skip":true},{"start":{"line":298,"column":12},"end":{"line":301,"column":36},"skip":true}]},"24":{"line":303,"type":"binary-expr","locations":[{"start":{"line":303,"column":43},"end":{"line":303,"column":75},"skip":true},{"start":{"line":303,"column":79},"end":{"line":303,"column":81},"skip":true}]},"25":{"line":306,"type":"if","locations":[{"start":{"line":306,"column":8},"end":{"line":306,"column":8},"skip":true},{"start":{"line":306,"column":8},"end":{"line":306,"column":8},"skip":true}]},"26":{"line":310,"type":"if","locations":[{"start":{"line":310,"column":8},"end":{"line":310,"column":8},"skip":true},{"start":{"line":310,"column":8},"end":{"line":310,"column":8},"skip":true}]},"27":{"line":313,"type":"binary-expr","locations":[{"start":{"line":313,"column":27},"end":{"line":313,"column":43},"skip":true},{"start":{"line":313,"column":47},"end":{"line":313,"column":53},"skip":true}]},"28":{"line":317,"type":"if","locations":[{"start":{"line":317,"column":12},"end":{"line":317,"column":12},"skip":true},{"start":{"line":317,"column":12},"end":{"line":317,"column":12},"skip":true}]}},"code":["/*","example.js","","quickstart example","","instruction","    1. save this script as example.js","    2. run the shell command:","        $ npm install npmtest-oauth && PORT=8081 node example.js","    3. play with the browser-demo on http://127.0.0.1:8081","*/","","","","/* istanbul instrument in package npmtest_oauth */","/*jslint","    bitwise: true,","    browser: true,","    maxerr: 8,","    maxlen: 96,","    node: true,","    nomen: true,","    regexp: true,","    stupid: true","*/","(function () {","    'use strict';","    var local;","","","","    // run shared js-env code - pre-init","    (function () {","        // init local","        local = {};","        // init modeJs","        local.modeJs = (function () {","            try {","                return typeof navigator.userAgent === 'string' &&","                    typeof document.querySelector('body') === 'object' &&","                    typeof XMLHttpRequest.prototype.open === 'function' &&","                    'browser';","            } catch (errorCaughtBrowser) {","                return module.exports &&","                    typeof process.versions.node === 'string' &&","                    typeof require('http').createServer === 'function' &&","                    'node';","            }","        }());","        // init global","        local.global = local.modeJs === 'browser'","            ? window","            : global;","        // init utility2_rollup","        local = local.global.utility2_rollup || (local.modeJs === 'browser'","            ? local.global.utility2_npmtest_oauth","            : global.utility2_moduleExports);","        // export local","        local.global.local = local;","    }());","    switch (local.modeJs) {","","","","    // post-init","    // run browser js-env code - post-init","    /* istanbul ignore next */","    case 'browser':","        local.testRunBrowser = function (event) {","            if (!event || (event &&","                    event.currentTarget &&","                    event.currentTarget.className &&","                    event.currentTarget.className.includes &&","                    event.currentTarget.className.includes('onreset'))) {","                // reset output","                Array.from(","                    document.querySelectorAll('body > .resettable')","                ).forEach(function (element) {","                    switch (element.tagName) {","                    case 'INPUT':","                    case 'TEXTAREA':","                        element.value = '';","                        break;","                    default:","                        element.textContent = '';","                    }","                });","            }","            switch (event && event.currentTarget && event.currentTarget.id) {","            case 'testRunButton1':","                // show tests","                if (document.querySelector('#testReportDiv1').style.display === 'none') {","                    document.querySelector('#testReportDiv1').style.display = 'block';","                    document.querySelector('#testRunButton1').textContent =","                        'hide internal test';","                    local.modeTest = true;","                    local.testRunDefault(local);","                // hide tests","                } else {","                    document.querySelector('#testReportDiv1').style.display = 'none';","                    document.querySelector('#testRunButton1').textContent = 'run internal test';","                }","                break;","            // custom-case","            default:","                break;","            }","            if (document.querySelector('#inputTextareaEval1') && (!event || (event &&","                    event.currentTarget &&","                    event.currentTarget.className &&","                    event.currentTarget.className.includes &&","                    event.currentTarget.className.includes('oneval')))) {","                // try to eval input-code","                try {","                    /*jslint evil: true*/","                    eval(document.querySelector('#inputTextareaEval1').value);","                } catch (errorCaught) {","                    console.error(errorCaught);","                }","            }","        };","        // log stderr and stdout to #outputTextareaStdout1","        ['error', 'log'].forEach(function (key) {","            console[key + '_original'] = console[key];","            console[key] = function () {","                var element;","                console[key + '_original'].apply(console, arguments);","                element = document.querySelector('#outputTextareaStdout1');","                if (!element) {","                    return;","                }","                // append text to #outputTextareaStdout1","                element.value += Array.from(arguments).map(function (arg) {","                    return typeof arg === 'string'","                        ? arg","                        : JSON.stringify(arg, null, 4);","                }).join(' ') + '\\n';","                // scroll textarea to bottom","                element.scrollTop = element.scrollHeight;","            };","        });","        // init event-handling","        ['change', 'click', 'keyup'].forEach(function (event) {","            Array.from(document.querySelectorAll('.on' + event)).forEach(function (element) {","                element.addEventListener(event, local.testRunBrowser);","            });","        });","        // run tests","        local.testRunBrowser();","        break;","","","","    // run node js-env code - post-init","    /* istanbul ignore next */","    case 'node':","        // export local","        module.exports = local;","        // require modules","        local.fs = require('fs');","        local.http = require('http');","        local.url = require('url');","        // init assets","        local.assetsDict = local.assetsDict || {};","        /* jslint-ignore-begin */","        local.assetsDict['/assets.index.template.html'] = '\\","<!doctype html>\\n\\","<html lang=\"en\">\\n\\","<head>\\n\\","<meta charset=\"UTF-8\">\\n\\","<meta name=\"viewport\" content=\"width=device-width, initial-scale=1\">\\n\\","<title>{{env.npm_package_name}} (v{{env.npm_package_version}})</title>\\n\\","<style>\\n\\","/*csslint\\n\\","    box-sizing: false,\\n\\","    universal-selector: false\\n\\","*/\\n\\","* {\\n\\","    box-sizing: border-box;\\n\\","}\\n\\","body {\\n\\","    background: #dde;\\n\\","    font-family: Arial, Helvetica, sans-serif;\\n\\","    margin: 2rem;\\n\\","}\\n\\","body > * {\\n\\","    margin-bottom: 1rem;\\n\\","}\\n\\",".utility2FooterDiv {\\n\\","    margin-top: 20px;\\n\\","    text-align: center;\\n\\","}\\n\\","</style>\\n\\","<style>\\n\\","/*csslint\\n\\","*/\\n\\","textarea {\\n\\","    font-family: monospace;\\n\\","    height: 10rem;\\n\\","    width: 100%;\\n\\","}\\n\\","textarea[readonly] {\\n\\","    background: #ddd;\\n\\","}\\n\\","</style>\\n\\","</head>\\n\\","<body>\\n\\","<!-- utility2-comment\\n\\","<div id=\"ajaxProgressDiv1\" style=\"background: #d00; height: 2px; left: 0; margin: 0; padding: 0; position: fixed; top: 0; transition: background 0.5s, width 1.5s; width: 25%;\"></div>\\n\\","utility2-comment -->\\n\\","<h1>\\n\\","<!-- utility2-comment\\n\\","    <a\\n\\","        {{#if env.npm_package_homepage}}\\n\\","        href=\"{{env.npm_package_homepage}}\"\\n\\","        {{/if env.npm_package_homepage}}\\n\\","        target=\"_blank\"\\n\\","    >\\n\\","utility2-comment -->\\n\\","        {{env.npm_package_name}} (v{{env.npm_package_version}})\\n\\","<!-- utility2-comment\\n\\","    </a>\\n\\","utility2-comment -->\\n\\","</h1>\\n\\","<h3>{{env.npm_package_description}}</h3>\\n\\","<!-- utility2-comment\\n\\","<h4><a download href=\"assets.app.js\">download standalone app</a></h4>\\n\\","<button class=\"onclick onreset\" id=\"testRunButton1\">run internal test</button><br>\\n\\","<div id=\"testReportDiv1\" style=\"display: none;\"></div>\\n\\","utility2-comment -->\\n\\","\\n\\","\\n\\","\\n\\","<label>stderr and stdout</label>\\n\\","<textarea class=\"resettable\" id=\"outputTextareaStdout1\" readonly></textarea>\\n\\","<!-- utility2-comment\\n\\","{{#if isRollup}}\\n\\","<script src=\"assets.app.js\"></script>\\n\\","{{#unless isRollup}}\\n\\","utility2-comment -->\\n\\","<script src=\"assets.utility2.rollup.js\"></script>\\n\\","<script src=\"jsonp.utility2._stateInit?callback=window.utility2._stateInit\"></script>\\n\\","<script src=\"assets.npmtest_oauth.rollup.js\"></script>\\n\\","<script src=\"assets.example.js\"></script>\\n\\","<script src=\"assets.test.js\"></script>\\n\\","<!-- utility2-comment\\n\\","{{/if isRollup}}\\n\\","utility2-comment -->\\n\\","<div class=\"utility2FooterDiv\">\\n\\","    [ this app was created with\\n\\","    <a href=\"https://github.com/kaizhu256/node-utility2\" target=\"_blank\">utility2</a>\\n\\","    ]\\n\\","</div>\\n\\","</body>\\n\\","</html>\\n\\","';","        /* jslint-ignore-end */","        if (local.templateRender) {","            local.assetsDict['/'] = local.templateRender(","                local.assetsDict['/assets.index.template.html'],","                {","                    env: local.objectSetDefault(local.env, {","                        npm_package_description: 'the greatest app in the world!',","                        npm_package_name: 'my-app',","                        npm_package_nameAlias: 'my_app',","                        npm_package_version: '0.0.1'","                    })","                }","            );","        } else {","            local.assetsDict['/'] = local.assetsDict['/assets.index.template.html']","                .replace((/\\{\\{env\\.(\\w+?)\\}\\}/g), function (match0, match1) {","                    // jslint-hack","                    String(match0);","                    switch (match1) {","                    case 'npm_package_description':","                        return 'the greatest app in the world!';","                    case 'npm_package_name':","                        return 'my-app';","                    case 'npm_package_nameAlias':","                        return 'my_app';","                    case 'npm_package_version':","                        return '0.0.1';","                    }","                });","        }","        // run the cli","        if (local.global.utility2_rollup || module !== require.main) {","            break;","        }","        local.assetsDict['/assets.example.js'] =","            local.assetsDict['/assets.example.js'] ||","            local.fs.readFileSync(__filename, 'utf8');","        // bug-workaround - long $npm_package_buildCustomOrg","        /* jslint-ignore-begin */","        local.assetsDict['/assets.npmtest_oauth.rollup.js'] =","            local.assetsDict['/assets.npmtest_oauth.rollup.js'] ||","            local.fs.readFileSync(","                local.npmtest_oauth.__dirname + '/lib.npmtest_oauth.js',","                'utf8'","            ).replace((/^#!/), '//');","        /* jslint-ignore-end */","        local.assetsDict['/favicon.ico'] = local.assetsDict['/favicon.ico'] || '';","        // if $npm_config_timeout_exit exists,","        // then exit this process after $npm_config_timeout_exit ms","        if (Number(process.env.npm_config_timeout_exit)) {","            setTimeout(process.exit, Number(process.env.npm_config_timeout_exit));","        }","        // start server","        if (local.global.utility2_serverHttp1) {","            break;","        }","        process.env.PORT = process.env.PORT || '8081';","        console.error('server starting on port ' + process.env.PORT);","        local.http.createServer(function (request, response) {","            request.urlParsed = local.url.parse(request.url);","            if (local.assetsDict[request.urlParsed.pathname] !== undefined) {","                response.end(local.assetsDict[request.urlParsed.pathname]);","                return;","            }","            response.statusCode = 404;","            response.end();","        }).listen(process.env.PORT);","        break;","    }","}());",""],"l":{"26":2,"28":2,"33":2,"35":2,"37":2,"38":2,"39":2,"44":1,"51":2,"55":2,"59":2,"61":2,"69":1,"70":2,"76":2,"79":2,"82":2,"83":2,"85":1,"89":2,"92":1,"93":1,"94":1,"96":1,"97":1,"100":1,"101":1,"103":1,"106":1,"108":2,"114":1,"116":1,"118":1,"123":1,"124":2,"125":2,"126":3,"127":3,"128":3,"129":3,"130":1,"133":3,"134":3,"139":3,"143":1,"144":3,"145":1,"149":1,"150":1,"158":1,"160":1,"161":1,"162":1,"164":1,"166":1,"258":1,"259":1,"271":1,"274":6,"275":6,"277":1,"279":2,"281":1,"283":2,"288":1,"289":1,"291":1,"296":1,"303":1,"306":1,"307":1,"310":1,"311":1,"313":1,"314":1,"315":1,"316":1,"317":1,"318":1,"319":1,"321":1,"322":1,"324":1}},"/home/travis/build/npmtest/node-npmtest-oauth/node_modules/oauth/index.js":{"path":"/home/travis/build/npmtest/node-npmtest-oauth/node_modules/oauth/index.js","s":{"1":1,"2":1,"3":1},"b":{},"f":{},"fnMap":{},"statementMap":{"1":{"start":{"line":1,"column":0},"end":{"line":1,"column":45}},"2":{"start":{"line":2,"column":0},"end":{"line":2,"column":53}},"3":{"start":{"line":3,"column":0},"end":{"line":3,"column":48}}},"branchMap":{},"code":["exports.OAuth = require(\"./lib/oauth\").OAuth;","exports.OAuthEcho = require(\"./lib/oauth\").OAuthEcho;","exports.OAuth2 = require(\"./lib/oauth2\").OAuth2;"],"l":{"1":1,"2":1,"3":1}},"/home/travis/build/npmtest/node-npmtest-oauth/node_modules/oauth/lib/oauth.js":{"path":"/home/travis/build/npmtest/node-npmtest-oauth/node_modules/oauth/lib/oauth.js","s":{"1":1,"2":1,"3":0,"4":0,"5":0,"6":0,"7":0,"8":0,"9":0,"10":0,"11":0,"12":0,"13":0,"14":0,"15":0,"16":0,"17":0,"18":0,"19":0,"20":0,"21":1,"22":0,"23":0,"24":0,"25":0,"26":0,"27":0,"28":0,"29":0,"30":0,"31":0,"32":0,"33":0,"34":0,"35":0,"36":1,"37":1,"38":0,"39":1,"40":0,"41":0,"42":0,"43":0,"44":1,"45":0,"46":0,"47":0,"48":1,"49":0,"50":0,"51":1,"52":0,"53":0,"54":0,"55":0,"56":0,"57":0,"58":0,"59":0,"60":1,"61":0,"62":0,"63":0,"64":0,"65":1,"66":0,"67":0,"68":0,"69":0,"70":0,"71":0,"72":0,"73":0,"74":1,"75":0,"76":0,"77":0,"78":0,"79":0,"80":0,"81":0,"82":0,"83":0,"84":1,"85":0,"86":0,"87":0,"88":0,"89":0,"90":1,"91":0,"92":0,"93":0,"94":0,"95":0,"96":0,"97":0,"98":0,"99":0,"100":0,"101":0,"102":0,"103":0,"104":1,"105":0,"106":0,"107":0,"108":1,"109":0,"110":0,"111":0,"112":0,"113":0,"114":0,"115":0,"116":0,"117":0,"118":0,"119":0,"120":0,"121":0,"122":0,"123":1,"124":1,"125":0,"126":0,"127":0,"128":0,"129":0,"130":0,"131":0,"132":0,"133":1,"134":0,"135":0,"136":0,"137":0,"138":0,"139":0,"140":1,"141":0,"142":0,"143":0,"144":0,"145":0,"146":0,"147":0,"148":0,"149":0,"150":0,"151":0,"152":0,"153":0,"154":0,"155":0,"156":0,"157":0,"158":0,"159":0,"160":0,"161":0,"162":0,"163":0,"164":0,"165":1,"166":0,"167":0,"168":0,"169":0,"170":0,"171":0,"172":0,"173":0,"174":0,"175":0,"176":0,"177":0,"178":0,"179":0,"180":0,"181":0,"182":0,"183":0,"184":0,"185":0,"186":0,"187":0,"188":0,"189":0,"190":0,"191":0,"192":0,"193":0,"194":0,"195":0,"196":0,"197":0,"198":0,"199":0,"200":0,"201":0,"202":0,"203":0,"204":0,"205":0,"206":0,"207":0,"208":0,"209":0,"210":0,"211":0,"212":0,"213":0,"214":0,"215":0,"216":0,"217":0,"218":0,"219":0,"220":0,"221":0,"222":0,"223":0,"224":0,"225":0,"226":0,"227":0,"228":0,"229":0,"230":0,"231":0,"232":0,"233":0,"234":0,"235":0,"236":0,"237":0,"238":1,"239":0,"240":0,"241":0,"242":0,"243":0,"244":0,"245":1,"246":0,"247":0,"248":0,"249":0,"250":0,"251":0,"252":0,"253":0,"254":0,"255":0,"256":0,"257":0,"258":0,"259":1,"260":0,"261":1,"262":0,"263":1,"264":0,"265":1,"266":0,"267":0,"268":0,"269":0,"270":0,"271":0,"272":0,"273":0,"274":0,"275":1,"276":0,"277":1,"278":0,"279":1,"280":0,"281":0,"282":0,"283":0,"284":0,"285":0,"286":0,"287":0,"288":0,"289":0,"290":0,"291":0,"292":0,"293":0,"294":1,"295":0,"296":0,"297":0,"298":0,"299":0,"300":0,"301":0,"302":0,"303":0,"304":1,"305":0,"306":0,"307":0,"308":0},"b":{"1":[0,0],"2":[0,0],"3":[0,0],"4":[0,0,0],"5":[0,0],"6":[0,0],"7":[0,0],"8":[0,0],"9":[0,0,0],"10":[0,0],"11":[0,0],"12":[0,0],"13":[0,0],"14":[0,0],"15":[0,0],"16":[0,0],"17":[0,0,0,0],"18":[0,0],"19":[0,0],"20":[0,0],"21":[0,0],"22":[0,0],"23":[0,0],"24":[0,0],"25":[0,0],"26":[0,0],"27":[0,0],"28":[0,0],"29":[0,0],"30":[0,0],"31":[0,0],"32":[0,0],"33":[0,0],"34":[0,0],"35":[0,0],"36":[0,0],"37":[0,0],"38":[0,0],"39":[0,0],"40":[0,0],"41":[0,0],"42":[0,0],"43":[0,0],"44":[0,0],"45":[0,0],"46":[0,0],"47":[0,0],"48":[0,0],"49":[0,0],"50":[0,0],"51":[0,0,0,0],"52":[0,0],"53":[0,0],"54":[0,0],"55":[0,0],"56":[0,0],"57":[0,0],"58":[0,0],"59":[0,0],"60":[0,0],"61":[0,0],"62":[0,0],"63":[0,0,0,0,0],"64":[0,0],"65":[0,0],"66":[0,0],"67":[0,0,0,0],"68":[0,0],"69":[0,0,0,0],"70":[0,0],"71":[0,0],"72":[0,0],"73":[0,0],"74":[0,0],"75":[0,0],"76":[0,0],"77":[0,0],"78":[0,0],"79":[0,0],"80":[0,0]},"f":{"1":0,"2":0,"3":0,"4":0,"5":0,"6":0,"7":0,"8":0,"9":0,"10":0,"11":0,"12":0,"13":0,"14":0,"15":0,"16":0,"17":0,"18":0,"19":0,"20":0,"21":0,"22":0,"23":0,"24":0,"25":0,"26":0,"27":0,"28":0,"29":0,"30":0,"31":0,"32":0,"33":0,"34":0,"35":0,"36":0,"37":0,"38":0},"fnMap":{"1":{"name":"(anonymous_1)","line":9,"loc":{"start":{"line":9,"column":15},"end":{"line":9,"column":148}}},"2":{"name":"(anonymous_2)","line":40,"loc":{"start":{"line":40,"column":19},"end":{"line":40,"column":136}}},"3":{"name":"(anonymous_3)","line":64,"loc":{"start":{"line":64,"column":39},"end":{"line":64,"column":50}}},"4":{"name":"(anonymous_4)","line":68,"loc":{"start":{"line":68,"column":37},"end":{"line":68,"column":55}}},"5":{"name":"(anonymous_5)","line":81,"loc":{"start":{"line":81,"column":37},"end":{"line":81,"column":56}}},"6":{"name":"(anonymous_6)","line":88,"loc":{"start":{"line":88,"column":39},"end":{"line":88,"column":86}}},"7":{"name":"(anonymous_7)","line":93,"loc":{"start":{"line":93,"column":39},"end":{"line":93,"column":53}}},"8":{"name":"(anonymous_8)","line":109,"loc":{"start":{"line":109,"column":58},"end":{"line":109,"column":78}}},"9":{"name":"(anonymous_9)","line":120,"loc":{"start":{"line":120,"column":52},"end":{"line":120,"column":80}}},"10":{"name":"(anonymous_10)","line":140,"loc":{"start":{"line":140,"column":51},"end":{"line":140,"column":75}}},"11":{"name":"(anonymous_11)","line":159,"loc":{"start":{"line":159,"column":44},"end":{"line":159,"column":69}}},"12":{"name":"(anonymous_12)","line":161,"loc":{"start":{"line":161,"column":22},"end":{"line":161,"column":36}}},"13":{"name":"(anonymous_13)","line":171,"loc":{"start":{"line":171,"column":49},"end":{"line":171,"column":64}}},"14":{"name":"(anonymous_14)","line":193,"loc":{"start":{"line":193,"column":46},"end":{"line":193,"column":80}}},"15":{"name":"(anonymous_15)","line":199,"loc":{"start":{"line":199,"column":42},"end":{"line":199,"column":79}}},"16":{"name":"(anonymous_16)","line":229,"loc":{"start":{"line":229,"column":35},"end":{"line":229,"column":55}}},"17":{"name":"(anonymous_17)","line":242,"loc":{"start":{"line":242,"column":39},"end":{"line":242,"column":101}}},"18":{"name":"(anonymous_18)","line":259,"loc":{"start":{"line":259,"column":44},"end":{"line":259,"column":115}}},"19":{"name":"(anonymous_19)","line":308,"loc":{"start":{"line":308,"column":47},"end":{"line":308,"column":159}}},"20":{"name":"(anonymous_20)","line":386,"loc":{"start":{"line":386,"column":26},"end":{"line":386,"column":47}}},"21":{"name":"(anonymous_21)","line":403,"loc":{"start":{"line":403,"column":27},"end":{"line":403,"column":47}}},"22":{"name":"(anonymous_22)","line":405,"loc":{"start":{"line":405,"column":26},"end":{"line":405,"column":43}}},"23":{"name":"(anonymous_23)","line":408,"loc":{"start":{"line":408,"column":25},"end":{"line":408,"column":37}}},"24":{"name":"(anonymous_24)","line":411,"loc":{"start":{"line":411,"column":27},"end":{"line":411,"column":39}}},"25":{"name":"(anonymous_25)","line":418,"loc":{"start":{"line":418,"column":24},"end":{"line":418,"column":38}}},"26":{"name":"(anonymous_26)","line":440,"loc":{"start":{"line":440,"column":42},"end":{"line":440,"column":60}}},"27":{"name":"(anonymous_27)","line":456,"loc":{"start":{"line":456,"column":45},"end":{"line":456,"column":114}}},"28":{"name":"(anonymous_28)","line":464,"loc":{"start":{"line":464,"column":149},"end":{"line":464,"column":181}}},"29":{"name":"(anonymous_29)","line":478,"loc":{"start":{"line":478,"column":46},"end":{"line":478,"column":111}}},"30":{"name":"(anonymous_30)","line":482,"loc":{"start":{"line":482,"column":32},"end":{"line":482,"column":89}}},"31":{"name":"(anonymous_31)","line":486,"loc":{"start":{"line":486,"column":29},"end":{"line":486,"column":86}}},"32":{"name":"(anonymous_32)","line":490,"loc":{"start":{"line":490,"column":36},"end":{"line":490,"column":131}}},"33":{"name":"(anonymous_33)","line":505,"loc":{"start":{"line":505,"column":29},"end":{"line":505,"column":116}}},"34":{"name":"(anonymous_34)","line":509,"loc":{"start":{"line":509,"column":30},"end":{"line":509,"column":117}}},"35":{"name":"(anonymous_35)","line":533,"loc":{"start":{"line":533,"column":46},"end":{"line":533,"column":80}}},"36":{"name":"(anonymous_36)","line":542,"loc":{"start":{"line":542,"column":129},"end":{"line":542,"column":161}}},"37":{"name":"(anonymous_37)","line":556,"loc":{"start":{"line":556,"column":33},"end":{"line":556,"column":88}}},"38":{"name":"(anonymous_38)","line":574,"loc":{"start":{"line":574,"column":36},"end":{"line":574,"column":91}}}},"statementMap":{"1":{"start":{"line":1,"column":0},"end":{"line":7,"column":36}},"2":{"start":{"line":9,"column":0},"end":{"line":38,"column":2}},"3":{"start":{"line":10,"column":2},"end":{"line":10,"column":23}},"4":{"start":{"line":12,"column":2},"end":{"line":12,"column":31}},"5":{"start":{"line":13,"column":2},"end":{"line":13,"column":29}},"6":{"start":{"line":14,"column":2},"end":{"line":14,"column":33}},"7":{"start":{"line":15,"column":2},"end":{"line":15,"column":59}},"8":{"start":{"line":16,"column":2},"end":{"line":18,"column":3}},"9":{"start":{"line":17,"column":4},"end":{"line":17,"column":38}},"10":{"start":{"line":19,"column":2},"end":{"line":19,"column":25}},"11":{"start":{"line":20,"column":2},"end":{"line":25,"column":3}},"12":{"start":{"line":21,"column":4},"end":{"line":21,"column":36}},"13":{"start":{"line":24,"column":4},"end":{"line":24,"column":49}},"14":{"start":{"line":27,"column":2},"end":{"line":28,"column":73}},"15":{"start":{"line":28,"column":4},"end":{"line":28,"column":73}},"16":{"start":{"line":29,"column":2},"end":{"line":29,"column":41}},"17":{"start":{"line":30,"column":2},"end":{"line":30,"column":35}},"18":{"start":{"line":31,"column":2},"end":{"line":33,"column":72}},"19":{"start":{"line":34,"column":2},"end":{"line":36,"column":77}},"20":{"start":{"line":37,"column":2},"end":{"line":37,"column":38}},"21":{"start":{"line":40,"column":0},"end":{"line":60,"column":1}},"22":{"start":{"line":41,"column":2},"end":{"line":41,"column":22}},"23":{"start":{"line":43,"column":2},"end":{"line":43,"column":21}},"24":{"start":{"line":44,"column":2},"end":{"line":44,"column":47}},"25":{"start":{"line":45,"column":2},"end":{"line":45,"column":33}},"26":{"start":{"line":46,"column":2},"end":{"line":46,"column":59}},"27":{"start":{"line":47,"column":2},"end":{"line":49,"column":3}},"28":{"start":{"line":48,"column":4},"end":{"line":48,"column":38}},"29":{"start":{"line":50,"column":2},"end":{"line":50,"column":25}},"30":{"start":{"line":52,"column":2},"end":{"line":53,"column":74}},"31":{"start":{"line":53,"column":4},"end":{"line":53,"column":74}},"32":{"start":{"line":54,"column":2},"end":{"line":54,"column":41}},"33":{"start":{"line":55,"column":2},"end":{"line":55,"column":35}},"34":{"start":{"line":56,"column":2},"end":{"line":58,"column":73}},"35":{"start":{"line":59,"column":2},"end":{"line":59,"column":38}},"36":{"start":{"line":62,"column":0},"end":{"line":62,"column":54}},"37":{"start":{"line":64,"column":0},"end":{"line":66,"column":1}},"38":{"start":{"line":65,"column":2},"end":{"line":65,"column":53}},"39":{"start":{"line":68,"column":0},"end":{"line":79,"column":1}},"40":{"start":{"line":69,"column":1},"end":{"line":78,"column":2}},"41":{"start":{"line":69,"column":42},"end":{"line":69,"column":51}},"42":{"start":{"line":71,"column":4},"end":{"line":71,"column":45}},"43":{"start":{"line":73,"column":4},"end":{"line":77,"column":40}},"44":{"start":{"line":81,"column":0},"end":{"line":86,"column":1}},"45":{"start":{"line":82,"column":2},"end":{"line":84,"column":3}},"46":{"start":{"line":83,"column":4},"end":{"line":83,"column":44}},"47":{"start":{"line":85,"column":2},"end":{"line":85,"column":39}},"48":{"start":{"line":88,"column":0},"end":{"line":91,"column":1}},"49":{"start":{"line":89,"column":2},"end":{"line":89,"column":72}},"50":{"start":{"line":90,"column":2},"end":{"line":90,"column":61}},"51":{"start":{"line":93,"column":0},"end":{"line":106,"column":1}},"52":{"start":{"line":94,"column":2},"end":{"line":94,"column":37}},"53":{"start":{"line":95,"column":3},"end":{"line":95,"column":16}},"54":{"start":{"line":96,"column":3},"end":{"line":101,"column":4}},"55":{"start":{"line":97,"column":5},"end":{"line":100,"column":10}},"56":{"start":{"line":99,"column":11},"end":{"line":99,"column":38}},"57":{"start":{"line":103,"column":2},"end":{"line":103,"column":81}},"58":{"start":{"line":103,"column":57},"end":{"line":103,"column":81}},"59":{"start":{"line":105,"column":2},"end":{"line":105,"column":84}},"60":{"start":{"line":109,"column":0},"end":{"line":117,"column":2}},"61":{"start":{"line":110,"column":2},"end":{"line":110,"column":37}},"62":{"start":{"line":111,"column":2},"end":{"line":116,"column":3}},"63":{"start":{"line":112,"column":4},"end":{"line":112,"column":16}},"64":{"start":{"line":115,"column":4},"end":{"line":115,"column":17}},"65":{"start":{"line":120,"column":0},"end":{"line":136,"column":1}},"66":{"start":{"line":121,"column":2},"end":{"line":121,"column":26}},"67":{"start":{"line":122,"column":2},"end":{"line":124,"column":3}},"68":{"start":{"line":123,"column":4},"end":{"line":123,"column":49}},"69":{"start":{"line":126,"column":2},"end":{"line":132,"column":3}},"70":{"start":{"line":129,"column":5},"end":{"line":131,"column":6}},"71":{"start":{"line":130,"column":6},"end":{"line":130,"column":151}},"72":{"start":{"line":134,"column":2},"end":{"line":134,"column":94}},"73":{"start":{"line":135,"column":2},"end":{"line":135,"column":20}},"74":{"start":{"line":140,"column":0},"end":{"line":156,"column":1}},"75":{"start":{"line":141,"column":2},"end":{"line":141,"column":25}},"76":{"start":{"line":142,"column":2},"end":{"line":154,"column":3}},"77":{"start":{"line":143,"column":4},"end":{"line":153,"column":5}},"78":{"start":{"line":144,"column":7},"end":{"line":144,"column":37}},"79":{"start":{"line":145,"column":7},"end":{"line":152,"column":8}},"80":{"start":{"line":146,"column":9},"end":{"line":148,"column":10}},"81":{"start":{"line":147,"column":11},"end":{"line":147,"column":66}},"82":{"start":{"line":151,"column":9},"end":{"line":151,"column":61}},"83":{"start":{"line":155,"column":2},"end":{"line":155,"column":24}},"84":{"start":{"line":159,"column":0},"end":{"line":169,"column":1}},"85":{"start":{"line":161,"column":2},"end":{"line":166,"column":5}},"86":{"start":{"line":162,"column":6},"end":{"line":165,"column":39}},"87":{"start":{"line":163,"column":8},"end":{"line":163,"column":36}},"88":{"start":{"line":165,"column":11},"end":{"line":165,"column":39}},"89":{"start":{"line":168,"column":2},"end":{"line":168,"column":24}},"90":{"start":{"line":171,"column":0},"end":{"line":191,"column":1}},"91":{"start":{"line":172,"column":2},"end":{"line":172,"column":59}},"92":{"start":{"line":174,"column":2},"end":{"line":177,"column":3}},"93":{"start":{"line":175,"column":4},"end":{"line":175,"column":67}},"94":{"start":{"line":176,"column":4},"end":{"line":176,"column":67}},"95":{"start":{"line":180,"column":2},"end":{"line":180,"column":60}},"96":{"start":{"line":183,"column":2},"end":{"line":183,"column":15}},"97":{"start":{"line":184,"column":2},"end":{"line":189,"column":3}},"98":{"start":{"line":185,"column":6},"end":{"line":185,"column":34}},"99":{"start":{"line":186,"column":6},"end":{"line":186,"column":16}},"100":{"start":{"line":187,"column":6},"end":{"line":187,"column":34}},"101":{"start":{"line":188,"column":6},"end":{"line":188,"column":51}},"102":{"start":{"line":188,"column":40},"end":{"line":188,"column":51}},"103":{"start":{"line":190,"column":2},"end":{"line":190,"column":14}},"104":{"start":{"line":193,"column":0},"end":{"line":197,"column":1}},"105":{"start":{"line":194,"column":2},"end":{"line":194,"column":51}},"106":{"start":{"line":195,"column":2},"end":{"line":195,"column":45}},"107":{"start":{"line":196,"column":2},"end":{"line":196,"column":61}},"108":{"start":{"line":199,"column":0},"end":{"line":222,"column":1}},"109":{"start":{"line":200,"column":3},"end":{"line":201,"column":53}},"110":{"start":{"line":200,"column":35},"end":{"line":200,"column":55}},"111":{"start":{"line":201,"column":8},"end":{"line":201,"column":53}},"112":{"start":{"line":203,"column":3},"end":{"line":203,"column":53}},"113":{"start":{"line":205,"column":3},"end":{"line":205,"column":15}},"114":{"start":{"line":206,"column":3},"end":{"line":220,"column":4}},"115":{"start":{"line":207,"column":5},"end":{"line":207,"column":15}},"116":{"start":{"line":209,"column":8},"end":{"line":220,"column":4}},"117":{"start":{"line":210,"column":5},"end":{"line":210,"column":34}},"118":{"start":{"line":211,"column":5},"end":{"line":211,"column":83}},"119":{"start":{"line":214,"column":7},"end":{"line":219,"column":8}},"120":{"start":{"line":215,"column":9},"end":{"line":215,"column":86}},"121":{"start":{"line":218,"column":9},"end":{"line":218,"column":49}},"122":{"start":{"line":221,"column":3},"end":{"line":221,"column":15}},"123":{"start":{"line":223,"column":0},"end":{"line":227,"column":39}},"124":{"start":{"line":229,"column":0},"end":{"line":240,"column":1}},"125":{"start":{"line":230,"column":3},"end":{"line":230,"column":19}},"126":{"start":{"line":231,"column":3},"end":{"line":231,"column":31}},"127":{"start":{"line":232,"column":3},"end":{"line":232,"column":16}},"128":{"start":{"line":233,"column":3},"end":{"line":233,"column":40}},"129":{"start":{"line":235,"column":3},"end":{"line":238,"column":4}},"130":{"start":{"line":236,"column":7},"end":{"line":236,"column":64}},"131":{"start":{"line":237,"column":7},"end":{"line":237,"column":35}},"132":{"start":{"line":239,"column":3},"end":{"line":239,"column":26}},"133":{"start":{"line":242,"column":0},"end":{"line":257,"column":1}},"134":{"start":{"line":243,"column":2},"end":{"line":249,"column":4}},"135":{"start":{"line":250,"column":2},"end":{"line":250,"column":16}},"136":{"start":{"line":251,"column":2},"end":{"line":255,"column":3}},"137":{"start":{"line":252,"column":4},"end":{"line":252,"column":21}},"138":{"start":{"line":254,"column":4},"end":{"line":254,"column":20}},"139":{"start":{"line":256,"column":2},"end":{"line":256,"column":36}},"140":{"start":{"line":259,"column":0},"end":{"line":306,"column":1}},"141":{"start":{"line":260,"column":2},"end":{"line":266,"column":4}},"142":{"start":{"line":268,"column":2},"end":{"line":270,"column":3}},"143":{"start":{"line":269,"column":4},"end":{"line":269,"column":48}},"144":{"start":{"line":272,"column":2},"end":{"line":272,"column":10}},"145":{"start":{"line":273,"column":2},"end":{"line":301,"column":3}},"146":{"start":{"line":274,"column":4},"end":{"line":274,"column":131}},"147":{"start":{"line":277,"column":4},"end":{"line":281,"column":5}},"148":{"start":{"line":278,"column":6},"end":{"line":280,"column":7}},"149":{"start":{"line":279,"column":8},"end":{"line":279,"column":86}},"150":{"start":{"line":279,"column":46},"end":{"line":279,"column":86}},"151":{"start":{"line":282,"column":4},"end":{"line":282,"column":43}},"152":{"start":{"line":284,"column":4},"end":{"line":298,"column":5}},"153":{"start":{"line":285,"column":6},"end":{"line":285,"column":15}},"154":{"start":{"line":286,"column":6},"end":{"line":286,"column":62}},"155":{"start":{"line":287,"column":6},"end":{"line":297,"column":9}},"156":{"start":{"line":288,"column":8},"end":{"line":288,"column":40}},"157":{"start":{"line":289,"column":10},"end":{"line":296,"column":11}},"158":{"start":{"line":291,"column":12},"end":{"line":293,"column":13}},"159":{"start":{"line":292,"column":14},"end":{"line":292,"column":68}},"160":{"start":{"line":295,"column":12},"end":{"line":295,"column":40}},"161":{"start":{"line":300,"column":4},"end":{"line":300,"column":112}},"162":{"start":{"line":303,"column":2},"end":{"line":303,"column":100}},"163":{"start":{"line":304,"column":2},"end":{"line":304,"column":72}},"164":{"start":{"line":305,"column":2},"end":{"line":305,"column":27}},"165":{"start":{"line":308,"column":0},"end":{"line":438,"column":1}},"166":{"start":{"line":309,"column":2},"end":{"line":309,"column":109}},"167":{"start":{"line":311,"column":2},"end":{"line":313,"column":3}},"168":{"start":{"line":312,"column":4},"end":{"line":312,"column":59}},"169":{"start":{"line":314,"column":2},"end":{"line":314,"column":41}},"170":{"start":{"line":315,"column":2},"end":{"line":315,"column":76}},"171":{"start":{"line":315,"column":57},"end":{"line":315,"column":76}},"172":{"start":{"line":316,"column":2},"end":{"line":316,"column":78}},"173":{"start":{"line":316,"column":58},"end":{"line":316,"column":78}},"174":{"start":{"line":318,"column":2},"end":{"line":318,"column":18}},"175":{"start":{"line":319,"column":2},"end":{"line":319,"column":73}},"176":{"start":{"line":320,"column":2},"end":{"line":325,"column":3}},"177":{"start":{"line":321,"column":4},"end":{"line":321,"column":65}},"178":{"start":{"line":324,"column":4},"end":{"line":324,"column":44}},"179":{"start":{"line":327,"column":2},"end":{"line":327,"column":34}},"180":{"start":{"line":329,"column":2},"end":{"line":333,"column":3}},"181":{"start":{"line":330,"column":4},"end":{"line":332,"column":5}},"182":{"start":{"line":331,"column":6},"end":{"line":331,"column":39}},"183":{"start":{"line":336,"column":2},"end":{"line":340,"column":3}},"184":{"start":{"line":337,"column":4},"end":{"line":339,"column":5}},"185":{"start":{"line":338,"column":6},"end":{"line":338,"column":31}},"186":{"start":{"line":342,"column":2},"end":{"line":350,"column":3}},"187":{"start":{"line":344,"column":4},"end":{"line":349,"column":46}},"188":{"start":{"line":352,"column":2},"end":{"line":360,"column":3}},"189":{"start":{"line":353,"column":6},"end":{"line":357,"column":7}},"190":{"start":{"line":354,"column":10},"end":{"line":354,"column":54}},"191":{"start":{"line":356,"column":10},"end":{"line":356,"column":66}},"192":{"start":{"line":359,"column":6},"end":{"line":359,"column":35}},"193":{"start":{"line":362,"column":2},"end":{"line":362,"column":45}},"194":{"start":{"line":364,"column":2},"end":{"line":364,"column":11}},"195":{"start":{"line":365,"column":2},"end":{"line":365,"column":81}},"196":{"start":{"line":365,"column":57},"end":{"line":365,"column":81}},"197":{"start":{"line":366,"column":2},"end":{"line":367,"column":32}},"198":{"start":{"line":366,"column":24},"end":{"line":366,"column":73}},"199":{"start":{"line":367,"column":7},"end":{"line":367,"column":32}},"200":{"start":{"line":369,"column":2},"end":{"line":369,"column":14}},"201":{"start":{"line":370,"column":2},"end":{"line":375,"column":3}},"202":{"start":{"line":371,"column":4},"end":{"line":371,"column":97}},"203":{"start":{"line":374,"column":4},"end":{"line":374,"column":91}},"204":{"start":{"line":377,"column":2},"end":{"line":377,"column":42}},"205":{"start":{"line":378,"column":2},"end":{"line":435,"column":3}},"206":{"start":{"line":379,"column":4},"end":{"line":379,"column":16}},"207":{"start":{"line":380,"column":4},"end":{"line":380,"column":19}},"208":{"start":{"line":384,"column":4},"end":{"line":384,"column":77}},"209":{"start":{"line":385,"column":4},"end":{"line":385,"column":30}},"210":{"start":{"line":386,"column":4},"end":{"line":401,"column":5}},"211":{"start":{"line":387,"column":6},"end":{"line":400,"column":7}},"212":{"start":{"line":388,"column":8},"end":{"line":388,"column":29}},"213":{"start":{"line":389,"column":8},"end":{"line":399,"column":9}},"214":{"start":{"line":390,"column":10},"end":{"line":390,"column":41}},"215":{"start":{"line":393,"column":10},"end":{"line":398,"column":11}},"216":{"start":{"line":394,"column":12},"end":{"line":394,"column":163}},"217":{"start":{"line":397,"column":12},"end":{"line":397,"column":86}},"218":{"start":{"line":403,"column":4},"end":{"line":416,"column":7}},"219":{"start":{"line":404,"column":6},"end":{"line":404,"column":35}},"220":{"start":{"line":405,"column":6},"end":{"line":407,"column":9}},"221":{"start":{"line":406,"column":8},"end":{"line":406,"column":20}},"222":{"start":{"line":408,"column":6},"end":{"line":410,"column":9}},"223":{"start":{"line":409,"column":8},"end":{"line":409,"column":36}},"224":{"start":{"line":411,"column":6},"end":{"line":415,"column":9}},"225":{"start":{"line":412,"column":8},"end":{"line":414,"column":9}},"226":{"start":{"line":413,"column":10},"end":{"line":413,"column":38}},"227":{"start":{"line":418,"column":4},"end":{"line":423,"column":7}},"228":{"start":{"line":419,"column":6},"end":{"line":422,"column":7}},"229":{"start":{"line":420,"column":8},"end":{"line":420,"column":29}},"230":{"start":{"line":421,"column":8},"end":{"line":421,"column":23}},"231":{"start":{"line":425,"column":4},"end":{"line":427,"column":5}},"232":{"start":{"line":426,"column":6},"end":{"line":426,"column":31}},"233":{"start":{"line":428,"column":4},"end":{"line":428,"column":18}},"234":{"start":{"line":431,"column":4},"end":{"line":433,"column":5}},"235":{"start":{"line":432,"column":6},"end":{"line":432,"column":31}},"236":{"start":{"line":434,"column":4},"end":{"line":434,"column":19}},"237":{"start":{"line":437,"column":2},"end":{"line":437,"column":9}},"238":{"start":{"line":440,"column":0},"end":{"line":454,"column":2}},"239":{"start":{"line":441,"column":2},"end":{"line":443,"column":54}},"240":{"start":{"line":445,"column":2},"end":{"line":451,"column":3}},"241":{"start":{"line":446,"column":4},"end":{"line":450,"column":5}},"242":{"start":{"line":447,"column":6},"end":{"line":447,"column":58}},"243":{"start":{"line":449,"column":6},"end":{"line":449,"column":39}},"244":{"start":{"line":453,"column":2},"end":{"line":453,"column":37}},"245":{"start":{"line":456,"column":0},"end":{"line":475,"column":1}},"246":{"start":{"line":457,"column":2},"end":{"line":457,"column":22}},"247":{"start":{"line":458,"column":2},"end":{"line":462,"column":3}},"248":{"start":{"line":459,"column":4},"end":{"line":459,"column":29}},"249":{"start":{"line":461,"column":4},"end":{"line":461,"column":47}},"250":{"start":{"line":464,"column":3},"end":{"line":474,"column":5}},"251":{"start":{"line":465,"column":9},"end":{"line":473,"column":10}},"252":{"start":{"line":465,"column":21},"end":{"line":465,"column":37}},"253":{"start":{"line":467,"column":11},"end":{"line":467,"column":50}},"254":{"start":{"line":468,"column":11},"end":{"line":468,"column":58}},"255":{"start":{"line":469,"column":11},"end":{"line":469,"column":41}},"256":{"start":{"line":470,"column":11},"end":{"line":470,"column":72}},"257":{"start":{"line":471,"column":11},"end":{"line":471,"column":48}},"258":{"start":{"line":472,"column":11},"end":{"line":472,"column":83}},"259":{"start":{"line":478,"column":0},"end":{"line":480,"column":1}},"260":{"start":{"line":479,"column":2},"end":{"line":479,"column":103}},"261":{"start":{"line":482,"column":0},"end":{"line":484,"column":1}},"262":{"start":{"line":483,"column":2},"end":{"line":483,"column":112}},"263":{"start":{"line":486,"column":0},"end":{"line":488,"column":1}},"264":{"start":{"line":487,"column":2},"end":{"line":487,"column":109}},"265":{"start":{"line":490,"column":0},"end":{"line":502,"column":1}},"266":{"start":{"line":491,"column":2},"end":{"line":491,"column":25}},"267":{"start":{"line":492,"column":2},"end":{"line":495,"column":3}},"268":{"start":{"line":493,"column":4},"end":{"line":493,"column":32}},"269":{"start":{"line":494,"column":4},"end":{"line":494,"column":28}},"270":{"start":{"line":496,"column":2},"end":{"line":500,"column":3}},"271":{"start":{"line":497,"column":4},"end":{"line":497,"column":58}},"272":{"start":{"line":498,"column":4},"end":{"line":498,"column":28}},"273":{"start":{"line":499,"column":4},"end":{"line":499,"column":20}},"274":{"start":{"line":501,"column":2},"end":{"line":501,"column":138}},"275":{"start":{"line":505,"column":0},"end":{"line":507,"column":1}},"276":{"start":{"line":506,"column":2},"end":{"line":506,"column":110}},"277":{"start":{"line":509,"column":0},"end":{"line":511,"column":1}},"278":{"start":{"line":510,"column":2},"end":{"line":510,"column":111}},"279":{"start":{"line":533,"column":0},"end":{"line":554,"column":1}},"280":{"start":{"line":534,"column":3},"end":{"line":537,"column":4}},"281":{"start":{"line":535,"column":5},"end":{"line":535,"column":28}},"282":{"start":{"line":536,"column":5},"end":{"line":536,"column":22}},"283":{"start":{"line":539,"column":2},"end":{"line":541,"column":3}},"284":{"start":{"line":540,"column":4},"end":{"line":540,"column":60}},"285":{"start":{"line":542,"column":2},"end":{"line":553,"column":5}},"286":{"start":{"line":543,"column":4},"end":{"line":552,"column":5}},"287":{"start":{"line":543,"column":16},"end":{"line":543,"column":32}},"288":{"start":{"line":545,"column":6},"end":{"line":545,"column":43}},"289":{"start":{"line":547,"column":6},"end":{"line":547,"column":46}},"290":{"start":{"line":548,"column":6},"end":{"line":548,"column":60}},"291":{"start":{"line":549,"column":6},"end":{"line":549,"column":36}},"292":{"start":{"line":550,"column":6},"end":{"line":550,"column":43}},"293":{"start":{"line":551,"column":6},"end":{"line":551,"column":65}},"294":{"start":{"line":556,"column":0},"end":{"line":572,"column":2}},"295":{"start":{"line":558,"column":2},"end":{"line":560,"column":3}},"296":{"start":{"line":559,"column":4},"end":{"line":559,"column":22}},"297":{"start":{"line":562,"column":2},"end":{"line":562,"column":99}},"298":{"start":{"line":563,"column":2},"end":{"line":563,"column":41}},"299":{"start":{"line":565,"column":2},"end":{"line":565,"column":15}},"300":{"start":{"line":566,"column":2},"end":{"line":568,"column":3}},"301":{"start":{"line":567,"column":4},"end":{"line":567,"column":89}},"302":{"start":{"line":569,"column":2},"end":{"line":569,"column":44}},"303":{"start":{"line":571,"column":2},"end":{"line":571,"column":86}},"304":{"start":{"line":574,"column":0},"end":{"line":581,"column":2}},"305":{"start":{"line":575,"column":2},"end":{"line":577,"column":3}},"306":
[...]
":2},"end":{"line":62,"column":26}},"27":{"start":{"line":64,"column":2},"end":{"line":66,"column":3}},"28":{"start":{"line":65,"column":4},"end":{"line":65,"column":23}},"29":{"start":{"line":67,"column":2},"end":{"line":67,"column":22}},"30":{"start":{"line":70,"column":0},"end":{"line":121,"column":1}},"31":{"start":{"line":72,"column":2},"end":{"line":72,"column":40}},"32":{"start":{"line":73,"column":2},"end":{"line":75,"column":3}},"33":{"start":{"line":74,"column":4},"end":{"line":74,"column":24}},"34":{"start":{"line":77,"column":2},"end":{"line":77,"column":57}},"35":{"start":{"line":80,"column":2},"end":{"line":80,"column":22}},"36":{"start":{"line":81,"column":2},"end":{"line":83,"column":3}},"37":{"start":{"line":82,"column":4},"end":{"line":82,"column":47}},"38":{"start":{"line":84,"column":2},"end":{"line":88,"column":3}},"39":{"start":{"line":85,"column":4},"end":{"line":87,"column":5}},"40":{"start":{"line":86,"column":6},"end":{"line":86,"column":38}},"41":{"start":{"line":89,"column":2},"end":{"line":89,"column":38}},"42":{"start":{"line":91,"column":2},"end":{"line":93,"column":3}},"43":{"start":{"line":92,"column":4},"end":{"line":92,"column":45}},"44":{"start":{"line":95,"column":2},"end":{"line":103,"column":3}},"45":{"start":{"line":96,"column":6},"end":{"line":100,"column":7}},"46":{"start":{"line":97,"column":10},"end":{"line":97,"column":58}},"47":{"start":{"line":99,"column":10},"end":{"line":99,"column":70}},"48":{"start":{"line":102,"column":6},"end":{"line":102,"column":39}},"49":{"start":{"line":105,"column":2},"end":{"line":108,"column":3}},"50":{"start":{"line":106,"column":4},"end":{"line":106,"column":48}},"51":{"start":{"line":106,"column":28},"end":{"line":106,"column":48}},"52":{"start":{"line":107,"column":4},"end":{"line":107,"column":57}},"53":{"start":{"line":110,"column":2},"end":{"line":110,"column":55}},"54":{"start":{"line":111,"column":2},"end":{"line":111,"column":43}},"55":{"start":{"line":111,"column":17},"end":{"line":111,"column":43}},"56":{"start":{"line":112,"column":2},"end":{"line":118,"column":4}},"57":{"start":{"line":120,"column":2},"end":{"line":120,"column":69}},"58":{"start":{"line":123,"column":0},"end":{"line":169,"column":1}},"59":{"start":{"line":126,"column":2},"end":{"line":126,"column":67}},"60":{"start":{"line":127,"column":2},"end":{"line":127,"column":28}},"61":{"start":{"line":128,"column":2},"end":{"line":137,"column":3}},"62":{"start":{"line":129,"column":4},"end":{"line":136,"column":5}},"63":{"start":{"line":130,"column":6},"end":{"line":130,"column":26}},"64":{"start":{"line":131,"column":6},"end":{"line":135,"column":7}},"65":{"start":{"line":132,"column":8},"end":{"line":132,"column":68}},"66":{"start":{"line":134,"column":8},"end":{"line":134,"column":41}},"67":{"start":{"line":139,"column":2},"end":{"line":139,"column":17}},"68":{"start":{"line":142,"column":2},"end":{"line":144,"column":3}},"69":{"start":{"line":143,"column":4},"end":{"line":143,"column":32}},"70":{"start":{"line":146,"column":2},"end":{"line":146,"column":46}},"71":{"start":{"line":147,"column":2},"end":{"line":159,"column":5}},"72":{"start":{"line":148,"column":4},"end":{"line":150,"column":7}},"73":{"start":{"line":149,"column":6},"end":{"line":149,"column":20}},"74":{"start":{"line":151,"column":4},"end":{"line":155,"column":7}},"75":{"start":{"line":152,"column":6},"end":{"line":154,"column":7}},"76":{"start":{"line":153,"column":8},"end":{"line":153,"column":44}},"77":{"start":{"line":156,"column":4},"end":{"line":158,"column":7}},"78":{"start":{"line":157,"column":6},"end":{"line":157,"column":42}},"79":{"start":{"line":160,"column":2},"end":{"line":163,"column":5}},"80":{"start":{"line":161,"column":4},"end":{"line":161,"column":25}},"81":{"start":{"line":162,"column":4},"end":{"line":162,"column":16}},"82":{"start":{"line":165,"column":2},"end":{"line":167,"column":3}},"83":{"start":{"line":166,"column":5},"end":{"line":166,"column":30}},"84":{"start":{"line":168,"column":2},"end":{"line":168,"column":16}},"85":{"start":{"line":171,"column":0},"end":{"line":175,"column":1}},"86":{"start":{"line":172,"column":2},"end":{"line":172,"column":27}},"87":{"start":{"line":173,"column":2},"end":{"line":173,"column":39}},"88":{"start":{"line":174,"column":2},"end":{"line":174,"column":83}},"89":{"start":{"line":177,"column":0},"end":{"line":212,"column":1}},"90":{"start":{"line":178,"column":2},"end":{"line":178,"column":27}},"91":{"start":{"line":179,"column":2},"end":{"line":179,"column":39}},"92":{"start":{"line":180,"column":2},"end":{"line":180,"column":47}},"93":{"start":{"line":181,"column":2},"end":{"line":181,"column":85}},"94":{"start":{"line":182,"column":2},"end":{"line":182,"column":26}},"95":{"start":{"line":184,"column":2},"end":{"line":184,"column":49}},"96":{"start":{"line":185,"column":2},"end":{"line":187,"column":5}},"97":{"start":{"line":190,"column":2},"end":{"line":211,"column":5}},"98":{"start":{"line":191,"column":4},"end":{"line":210,"column":5}},"99":{"start":{"line":191,"column":17},"end":{"line":191,"column":33}},"100":{"start":{"line":193,"column":6},"end":{"line":193,"column":18}},"101":{"start":{"line":194,"column":6},"end":{"line":205,"column":7}},"102":{"start":{"line":197,"column":8},"end":{"line":197,"column":36}},"103":{"start":{"line":204,"column":8},"end":{"line":204,"column":43}},"104":{"start":{"line":206,"column":6},"end":{"line":206,"column":48}},"105":{"start":{"line":207,"column":6},"end":{"line":207,"column":50}},"106":{"start":{"line":208,"column":6},"end":{"line":208,"column":38}},"107":{"start":{"line":209,"column":6},"end":{"line":209,"column":59}},"108":{"start":{"line":215,"column":0},"end":{"line":217,"column":1}},"109":{"start":{"line":216,"column":2},"end":{"line":216,"column":61}},"110":{"start":{"line":219,"column":0},"end":{"line":228,"column":1}},"111":{"start":{"line":220,"column":2},"end":{"line":226,"column":3}},"112":{"start":{"line":221,"column":4},"end":{"line":221,"column":71}},"113":{"start":{"line":222,"column":4},"end":{"line":222,"column":23}},"114":{"start":{"line":225,"column":4},"end":{"line":225,"column":16}},"115":{"start":{"line":227,"column":2},"end":{"line":227,"column":66}}},"branchMap":{"1":{"line":12,"type":"binary-expr","locations":[{"start":{"line":12,"column":22},"end":{"line":12,"column":35}},{"start":{"line":12,"column":39},"end":{"line":12,"column":57}}]},"2":{"line":13,"type":"binary-expr","locations":[{"start":{"line":13,"column":24},"end":{"line":13,"column":39}},{"start":{"line":13,"column":43},"end":{"line":13,"column":64}}]},"3":{"line":16,"type":"binary-expr","locations":[{"start":{"line":16,"column":24},"end":{"line":16,"column":37}},{"start":{"line":16,"column":41},"end":{"line":16,"column":43}}]},"4":{"line":64,"type":"if","locations":[{"start":{"line":64,"column":2},"end":{"line":64,"column":2}},{"start":{"line":64,"column":2},"end":{"line":64,"column":2}}]},"5":{"line":73,"type":"if","locations":[{"start":{"line":73,"column":2},"end":{"line":73,"column":2}},{"start":{"line":73,"column":2},"end":{"line":73,"column":2}}]},"6":{"line":73,"type":"binary-expr","locations":[{"start":{"line":73,"column":6},"end":{"line":73,"column":36}},{"start":{"line":73,"column":40},"end":{"line":73,"column":55}}]},"7":{"line":84,"type":"if","locations":[{"start":{"line":84,"column":2},"end":{"line":84,"column":2}},{"start":{"line":84,"column":2},"end":{"line":84,"column":2}}]},"8":{"line":91,"type":"if","locations":[{"start":{"line":91,"column":2},"end":{"line":91,"column":2}},{"start":{"line":91,"column":2},"end":{"line":91,"column":2}}]},"9":{"line":95,"type":"if","locations":[{"start":{"line":95,"column":2},"end":{"line":95,"column":2}},{"start":{"line":95,"column":2},"end":{"line":95,"column":2}}]},"10":{"line":96,"type":"if","locations":[{"start":{"line":96,"column":6},"end":{"line":96,"column":6}},{"start":{"line":96,"column":6},"end":{"line":96,"column":6}}]},"11":{"line":105,"type":"if","locations":[{"start":{"line":105,"column":2},"end":{"line":105,"column":2}},{"start":{"line":105,"column":2},"end":{"line":105,"column":2}}]},"12":{"line":105,"type":"binary-expr","locations":[{"start":{"line":105,"column":6},"end":{"line":105,"column":18}},{"start":{"line":105,"column":22},"end":{"line":105,"column":55}}]},"13":{"line":106,"type":"if","locations":[{"start":{"line":106,"column":4},"end":{"line":106,"column":4}},{"start":{"line":106,"column":4},"end":{"line":106,"column":4}}]},"14":{"line":111,"type":"if","locations":[{"start":{"line":111,"column":2},"end":{"line":111,"column":2}},{"start":{"line":111,"column":2},"end":{"line":111,"column":2}}]},"15":{"line":129,"type":"if","locations":[{"start":{"line":129,"column":4},"end":{"line":129,"column":4}},{"start":{"line":129,"column":4},"end":{"line":129,"column":4}}]},"16":{"line":131,"type":"if","locations":[{"start":{"line":131,"column":6},"end":{"line":131,"column":6}},{"start":{"line":131,"column":6},"end":{"line":131,"column":6}}]},"17":{"line":131,"type":"binary-expr","locations":[{"start":{"line":131,"column":10},"end":{"line":131,"column":69}},{"start":{"line":131,"column":74},"end":{"line":131,"column":100}},{"start":{"line":131,"column":106},"end":{"line":131,"column":132}}]},"18":{"line":131,"type":"binary-expr","locations":[{"start":{"line":131,"column":12},"end":{"line":131,"column":38}},{"start":{"line":131,"column":42},"end":{"line":131,"column":68}}]},"19":{"line":142,"type":"if","locations":[{"start":{"line":142,"column":2},"end":{"line":142,"column":2}},{"start":{"line":142,"column":2},"end":{"line":142,"column":2}}]},"20":{"line":152,"type":"if","locations":[{"start":{"line":152,"column":6},"end":{"line":152,"column":6}},{"start":{"line":152,"column":6},"end":{"line":152,"column":6}}]},"21":{"line":165,"type":"if","locations":[{"start":{"line":165,"column":2},"end":{"line":165,"column":2}},{"start":{"line":165,"column":2},"end":{"line":165,"column":2}}]},"22":{"line":165,"type":"binary-expr","locations":[{"start":{"line":165,"column":7},"end":{"line":165,"column":31}},{"start":{"line":165,"column":35},"end":{"line":165,"column":58}},{"start":{"line":165,"column":63},"end":{"line":165,"column":72}}]},"23":{"line":172,"type":"binary-expr","locations":[{"start":{"line":172,"column":14},"end":{"line":172,"column":20}},{"start":{"line":172,"column":24},"end":{"line":172,"column":26}}]},"24":{"line":178,"type":"binary-expr","locations":[{"start":{"line":178,"column":14},"end":{"line":178,"column":20}},{"start":{"line":178,"column":24},"end":{"line":178,"column":26}}]},"25":{"line":181,"type":"cond-expr","locations":[{"start":{"line":181,"column":60},"end":{"line":181,"column":75}},{"start":{"line":181,"column":78},"end":{"line":181,"column":84}}]},"26":{"line":191,"type":"if","locations":[{"start":{"line":191,"column":4},"end":{"line":191,"column":4}},{"start":{"line":191,"column":4},"end":{"line":191,"column":4}}]},"27":{"line":220,"type":"if","locations":[{"start":{"line":220,"column":2},"end":{"line":220,"column":2}},{"start":{"line":220,"column":2},"end":{"line":220,"column":2}}]}},"code":["var querystring= require('querystring'),","    crypto= require('crypto'),","    https= require('https'),","    http= require('http'),","    URL= require('url'),","    OAuthUtils= require('./_utils');","","exports.OAuth2= function(clientId, clientSecret, baseSite, authorizePath, accessTokenPath, customHeaders) {","  this._clientId= clientId;","  this._clientSecret= clientSecret;","  this._baseSite= baseSite;","  this._authorizeUrl= authorizePath || \"/oauth/authorize\";","  this._accessTokenUrl= accessTokenPath || \"/oauth/access_token\";","  this._accessTokenName= \"access_token\";","  this._authMethod= \"Bearer\";","  this._customHeaders = customHeaders || {};","  this._useAuthorizationHeaderForGET= false;","","  //our agent","  this._agent = undefined;","};","","// Allows you to set an agent to use instead of the default HTTP or","// HTTPS agents. Useful when dealing with your own certificates.","exports.OAuth2.prototype.setAgent = function(agent) {","  this._agent = agent;","};","","// This 'hack' method is required for sites that don't use","// 'access_token' as the name of the access token (for requests).","// ( http://tools.ietf.org/html/draft-ietf-oauth-v2-16#section-7 )","// it isn't clear what the correct value should be atm, so allowing","// for specific (temporary?) override for now.","exports.OAuth2.prototype.setAccessTokenName= function ( name ) {","  this._accessTokenName= name;","}","","// Sets the authorization method for Authorization header.","// e.g. Authorization: Bearer <token>  # \"Bearer\" is the authorization method.","exports.OAuth2.prototype.setAuthMethod = function ( authMethod ) {","  this._authMethod = authMethod;","};","","","// If you use the OAuth2 exposed 'get' method (and don't construct your own _request call )","// this will specify whether to use an 'Authorize' header instead of passing the access_token as a query parameter","exports.OAuth2.prototype.useAuthorizationHeaderforGET = function(useIt) {","  this._useAuthorizationHeaderForGET= useIt;","}","","exports.OAuth2.prototype._getAccessTokenUrl= function() {","  return this._baseSite + this._accessTokenUrl; /* + \"?\" + querystring.stringify(params); */","}","","// Build the authorization header. In particular, build the part after the colon.","// e.g. Authorization: Bearer <token>  # Build \"Bearer <token>\"","exports.OAuth2.prototype.buildAuthHeader= function(token) {","  return this._authMethod + ' ' + token;","};","","exports.OAuth2.prototype._chooseHttpLibrary= function( parsedUrl ) {","  var http_library= https;","  // As this is OAUth2, we *assume* https unless told explicitly otherwise.","  if( parsedUrl.protocol != \"https:\" ) {","    http_library= http;","  }","  return http_library;","};","","exports.OAuth2.prototype._request= function(method, url, headers, post_body, access_token, callback) {","","  var parsedUrl= URL.parse( url, true );","  if( parsedUrl.protocol == \"https:\" && !parsedUrl.port ) {","    parsedUrl.port= 443;","  }","","  var http_library= this._chooseHttpLibrary( parsedUrl );","","","  var realHeaders= {};","  for( var key in this._customHeaders ) {","    realHeaders[key]= this._customHeaders[key];","  }","  if( headers ) {","    for(var key in headers) {","      realHeaders[key] = headers[key];","    }","  }","  realHeaders['Host']= parsedUrl.host;","","  if (!realHeaders['User-Agent']) {","    realHeaders['User-Agent'] = 'Node-oauth';","  }","","  if( post_body ) {","      if ( Buffer.isBuffer(post_body) ) {","          realHeaders[\"Content-Length\"]= post_body.length;","      } else {","          realHeaders[\"Content-Length\"]= Buffer.byteLength(post_body);","      }","  } else {","      realHeaders[\"Content-length\"]= 0;","  }","","  if( access_token && !('Authorization' in realHeaders)) {","    if( ! parsedUrl.query ) parsedUrl.query= {};","    parsedUrl.query[this._accessTokenName]= access_token;","  }","","  var queryStr= querystring.stringify(parsedUrl.query);","  if( queryStr ) queryStr=  \"?\" + queryStr;","  var options = {","    host:parsedUrl.hostname,","    port: parsedUrl.port,","    path: parsedUrl.pathname + queryStr,","    method: method,","    headers: realHeaders","  };","","  this._executeRequest( http_library, options, post_body, callback );","}","","exports.OAuth2.prototype._executeRequest= function( http_library, options, post_body, callback ) {","  // Some hosts *cough* google appear to close the connection early / send no content-length header","  // allow this behaviour.","  var allowEarlyClose= OAuthUtils.isAnEarlyCloseHost(options.host);","  var callbackCalled= false;","  function passBackControl( response, result ) {","    if(!callbackCalled) {","      callbackCalled=true;","      if( !(response.statusCode >= 200 && response.statusCode <= 299) && (response.statusCode != 301) && (response.statusCode != 302) ) {","        callback({ statusCode: response.statusCode, data: result });","      } else {","        callback(null, result, response);","      }","    }","  }","","  var result= \"\";","","  //set the agent on the request options","  if (this._agent) {","    options.agent = this._agent;","  }","","  var request = http_library.request(options);","  request.on('response', function (response) {","    response.on(\"data\", function (chunk) {","      result+= chunk","    });","    response.on(\"close\", function (err) {","      if( allowEarlyClose ) {","        passBackControl( response, result );","      }","    });","    response.addListener(\"end\", function () {","      passBackControl( response, result );","    });","  });","  request.on('error', function(e) {","    callbackCalled= true;","    callback(e);","  });","","  if( (options.method == 'POST' || options.method == 'PUT') && post_body ) {","     request.write(post_body);","  }","  request.end();","}","","exports.OAuth2.prototype.getAuthorizeUrl= function( params ) {","  var params= params || {};","  params['client_id'] = this._clientId;","  return this._baseSite + this._authorizeUrl + \"?\" + querystring.stringify(params);","}","","exports.OAuth2.prototype.getOAuthAccessToken= function(code, params, callback) {","  var params= params || {};","  params['client_id'] = this._clientId;","  params['client_secret'] = this._clientSecret;","  var codeParam = (params.grant_type === 'refresh_token') ? 'refresh_token' : 'code';","  params[codeParam]= code;","","  var post_data= querystring.stringify( params );","  var post_headers= {","       'Content-Type': 'application/x-www-form-urlencoded'","   };","","","  this._request(\"POST\", this._getAccessTokenUrl(), post_headers, post_data, null, function(error, data, response) {","    if( error )  callback(error);","    else {","      var results;","      try {","        // As of http://tools.ietf.org/html/draft-ietf-oauth-v2-07","        // responses should be in JSON","        results= JSON.parse( data );","      }","      catch(e) {","        // .... However both Facebook + Github currently use rev05 of the spec","        // and neither seem to specify a content-type correctly in their response headers :(","        // clients of these services will suffer a *minor* performance cost of the exception","        // being thrown","        results= querystring.parse( data );","      }","      var access_token= results[\"access_token\"];","      var refresh_token= results[\"refresh_token\"];","      delete results[\"refresh_token\"];","      callback(null, access_token, refresh_token, results); // callback results =-=","    }","  });","}","","// Deprecated","exports.OAuth2.prototype.getProtectedResource= function(url, access_token, callback) {","  this._request(\"GET\", url, {}, \"\", access_token, callback );","}","","exports.OAuth2.prototype.get= function(url, access_token, callback) {","  if( this._useAuthorizationHeaderForGET ) {","    var headers= {'Authorization': this.buildAuthHeader(access_token) }","    access_token= null;","  }","  else {","    headers= {};","  }","  this._request(\"GET\", url, headers, \"\", access_token, callback );","}",""],"l":{"1":1,"8":1,"9":0,"10":0,"11":0,"12":0,"13":0,"14":0,"15":0,"16":0,"17":0,"20":0,"25":1,"26":0,"34":1,"35":0,"40":1,"41":0,"47":1,"48":0,"51":1,"52":0,"57":1,"58":0,"61":1,"62":0,"64":0,"65":0,"67":0,"70":1,"72":0,"73":0,"74":0,"77":0,"80":0,"81":0,"82":0,"84":0,"85":0,"86":0,"89":0,"91":0,"92":0,"95":0,"96":0,"97":0,"99":0,"102":0,"105":0,"106":0,"107":0,"110":0,"111":0,"112":0,"120":0,"123":1,"126":0,"127":0,"128":1,"129":0,"130":0,"131":0,"132":0,"134":0,"139":0,"142":0,"143":0,"146":0,"147":0,"148":0,"149":0,"151":0,"152":0,"153":0,"156":0,"157":0,"160":0,"161":0,"162":0,"165":0,"166":0,"168":0,"171":1,"172":0,"173":0,"174":0,"177":1,"178":0,"179":0,"180":0,"181":0,"182":0,"184":0,"185":0,"190":0,"191":0,"193":0,"194":0,"197":0,"204":0,"206":0,"207":0,"208":0,"209":0,"215":1,"216":0,"219":1,"220":0,"221":0,"222":0,"225":0,"227":0}}}